
Starting up - 2016-08-03 (01:40:03)
---------------------

Starting up - 2016-08-03 (01:45:10)
---------------------

Starting up - 2016-08-03 (01:50:17)
---------------------

Starting up - 2016-08-03 (01:53:42)
---------------------

Starting up - 2016-08-03 (04:49:29)
---------------------

Starting up - 2016-08-03 (15:16:41)
---------------------

Starting up - 2016-08-03 (16:07:53)
---------------------

Starting up - 2016-08-03 (16:33:29)
---------------------

Starting up - 2016-08-03 (18:39:47)
---------------------

Starting up - 2016-08-03 (19:24:09)
---------------------
Marine major victory
Xenos Remaining: 0. Humans remaining: 3
Round time: 12:33

Starting up - 2016-08-03 (19:58:17)
---------------------
Marine major victory
Xenos Remaining: 0. Humans remaining: 7
Round time: 12:18

Starting up - 2016-08-03 (20:18:46)
---------------------
Marine major victory
Xenos Remaining: 0. Humans remaining: 9
Round time: 12:16

Starting up - 2016-08-03 (20:36:41)
---------------------
Humans remaining: 1
Round time: 12:20
Big Winner: Test Dummy (@Cirukcaller)

Starting up - 2016-08-03 (20:58:01)
---------------------

Starting up - 2016-08-03 (22:10:33)
---------------------

Starting up - 2016-08-03 (22:34:27)
---------------------

Starting up - 2016-08-03 (23:52:06)
---------------------
Marine major victory
Xenos Remaining: 0. Humans remaining: 12
Round time: 12:04

Starting up - 2016-08-03 (23:57:13)
---------------------
Humans remaining: 1
Round time: 12:16
Big Winner: Sylvia Pilecki-Folk (Artouris)

Starting up - 2016-08-04 (00:15:08)
---------------------
Humans remaining: 1
Round time: 12:32
Big Winner: Dino 'T-Rex' Cades (NoShamNoWow)

Starting up - 2016-08-04 (00:49:16)
---------------------
Marine major victory
Xenos Remaining: 0. Humans remaining: 11
Round time: 13:04

Starting up - 2016-08-04 (01:57:32)
---------------------

Starting up - 2016-08-04 (09:51:08)
---------------------
Alien major victory
Xenos Remaining: 1. Humans remaining: 0
Round time: 12:08

Starting up - 2016-08-04 (10:02:14)
---------------------

Starting up - 2016-08-04 (10:33:48)
---------------------

Starting up - 2016-08-04 (10:42:20)
---------------------
Humans remaining: 1
Round time: 12:12
Big Winner: Epic Memes (Xeranos)

Starting up - 2016-08-04 (10:56:00)
---------------------

Starting up - 2016-08-04 (11:14:46)
---------------------

Starting up - 2016-08-04 (11:42:56)
---------------------

Starting up - 2016-08-04 (12:02:33)
---------------------

Starting up - 2016-08-04 (12:49:29)
---------------------
Marine major victory
Xenos Remaining: 0. Humans remaining: 3
Round time: 12:06

Starting up - 2016-08-04 (12:59:44)
---------------------
Humans remaining: 1
Round time: 12:22
Big Winner: Luger Foucault (Asskek)

Starting up - 2016-08-04 (13:23:37)
---------------------

Starting up - 2016-08-04 (14:05:26)
---------------------
Alien major victory
Xenos Remaining: 4. Humans remaining: 0
Round time: 13:52

Starting up - 2016-08-04 (16:03:12)
---------------------
Humans remaining: 2
Round time: 12:16
Big Winner: Var' Ael'Ra (Koenigsegg)

Starting up - 2016-08-04 (16:50:59)
---------------------
Marine major victory
Xenos Remaining: 0. Humans remaining: 6
Round time: 12:18

Starting up - 2016-08-04 (17:11:28)
---------------------
Humans remaining: 1
Round time: 12:24
Big Winner: Beau Coldsmith (CarbonHell)

Starting up - 2016-08-04 (17:37:55)
---------------------
Marine major victory
Xenos Remaining: 0. Humans remaining: 5
Round time: 13:31

Starting up - 2016-08-04 (19:16:03)
---------------------
Alien major victory
Xenos Remaining: 7. Humans remaining: 0
Round time: 13:23

Starting up - 2016-08-04 (20:43:56)
---------------------
Humans remaining: 1
Round time: 12:15
Big Winner: Xur 'Sarge' Dergens (Xurphorus)

Starting up - 2016-08-04 (21:01:52)
---------------------
Humans remaining: 1
Round time: 12:17
Big Winner: Janel Blackburn (Prind)

Starting up - 2016-08-04 (21:21:29)
---------------------

Starting up - 2016-08-04 (23:38:52)
---------------------
Humans remaining: 0
Round time: 12:30

Starting up - 2016-08-05 (00:11:18)
---------------------
Humans remaining: 1
Round time: 12:22
Big Winner: Soolic Xefizem (UglyAbyss9)

Starting up - 2016-08-05 (00:35:12)
---------------------

Starting up - 2016-08-05 (00:59:05)
---------------------
Marine major victory
Xenos Remaining: 0. Humans remaining: 5
Round time: 12:09

Starting up - 2016-08-05 (01:47:44)
---------------------
Humans remaining: 1
Round time: 12:14
Big Winner: Soolic Xefizem (UglyAbyss9)

Starting up - 2016-08-05 (02:04:48)
---------------------

Starting up - 2016-08-05 (02:40:38)
---------------------
Humans remaining: 1
Round time: 12:31
Big Winner: Nracha-dte Kjuhte (Ghostboy1217)

Starting up - 2016-08-05 (03:13:04)
---------------------
Humans remaining: 1
Round time: 12:20
Big Winner: Nracha-dte Kjuhte (Ghostboy1217)

Starting up - 2016-08-05 (03:35:15)
---------------------
Humans remaining: 1
Round time: 12:32
Big Winner: Nracha-dte Kjuhte (Ghostboy1217)

Starting up - 2016-08-05 (04:09:23)
---------------------
Marine major victory
Xenos Remaining: 0. Humans remaining: 5
Round time: 12:17

Starting up - 2016-08-05 (05:08:16)
---------------------
Humans remaining: 1
Round time: 12:18
Big Winner: Lukas Pfeifer (Naixo)

Starting up - 2016-08-05 (05:28:44)
---------------------
Alien major victory
Xenos Remaining: 1. Humans remaining: 0
Round time: 12:26

Starting up - 2016-08-05 (05:56:54)
---------------------
Humans remaining: 1
Round time: 12:25
Big Winner: Beau Coldsmith (CarbonHell)

Starting up - 2016-08-05 (06:23:21)
---------------------
Marines remaining: 0
Round time: 12:08
Big Winner:)

Starting up - 2016-08-05 (06:33:36)
---------------------
Humans remaining: 1
Round time: 12:07
Big Winner: Adolf Hitler (Benblu)

Starting up - 2016-08-05 (06:42:59)
---------------------
Humans remaining: 1
Round time: 12:29
Big Winner: Aden Foster (PoisonGreen)

Starting up - 2016-08-05 (07:13:42)
---------------------

Starting up - 2016-08-05 (08:12:35)
---------------------
Alien major victory
Xenos Remaining: 4. Humans remaining: 0
Round time: 13:30

Starting up - 2016-08-05 (09:46:27)
---------------------

Starting up - 2016-08-05 (11:24:35)
---------------------
Alien major victory
Xenos Remaining: 5. Humans remaining: 0
Round time: 14:50

Starting up - 2016-08-05 (14:22:04)
---------------------
Humans remaining: 1
Round time: 12:16
Big Winner: Jason Bourne (ClownCity)

Starting up - 2016-08-05 (14:40:51)
---------------------

Starting up - 2016-08-05 (15:32:03)
---------------------
Marines remaining: 0
Round time: 12:00
Big Winner:)

Starting up - 2016-08-05 (15:34:36)
---------------------

Starting up - 2016-08-05 (15:53:23)
---------------------
Alien minor victory (Evac)
Xenos Remaining: 6. Humans remaining: 2
Round time: 14:25

Starting up - 2016-08-05 (18:27:50)
---------------------
Marines remaining: 0
Round time: 12:24
Big Winner:)

Starting up - 2016-08-05 (18:56:00)
---------------------

Starting up - 2016-08-05 (19:48:03)
---------------------

Starting up - 2016-08-05 (20:37:32)
---------------------

Starting up - 2016-08-05 (21:21:55)
---------------------
Marine major victory
Xenos Remaining: 0. Humans remaining: 1
Round time: 14:11

Starting up - 2016-08-05 (23:36:44)
---------------------
Humans remaining: 1
Round time: 12:10
Big Winner: Joshua Wallace (@Cirukcaller)

Starting up - 2016-08-05 (23:49:32)
---------------------

Starting up - 2016-08-06 (00:02:20)
---------------------

Starting up - 2016-08-06 (00:21:58)
---------------------
Humans remaining: 1
Round time: 12:23
Big Winner: Graham Mattack (Wilson7755)

Starting up - 2016-08-06 (00:47:34)
---------------------
Marines remaining: 0
Round time: 12:47
Big Winner:)

Starting up - 2016-08-06 (01:37:04)
---------------------
Marine major victory
Xenos Remaining: 0. Humans remaining: 1
Round time: 12:08

Starting up - 2016-08-06 (01:48:09)
---------------------
Humans remaining: 1
Round time: 12:18
Big Winner: Lily Valley (Matyi)

Starting up - 2016-08-06 (02:09:29)
---------------------
Humans remaining: 1
Round time: 12:06
Big Winner: Lily Valley (Matyi)

Starting up - 2016-08-06 (02:18:01)
---------------------
Humans remaining: 1
Round time: 12:15
Big Winner: Lily Valley (Matyi)

Starting up - 2016-08-06 (02:35:56)
---------------------
Humans remaining: 1
Round time: 12:27
Big Winner: Lukas Pfeifer (Naixo)

Starting up - 2016-08-06 (03:57:00)
---------------------

Starting up - 2016-08-06 (07:11:34)
---------------------

Starting up - 2016-08-06 (09:05:55)
---------------------
Marines remaining: 0
Round time: 12:33
Big Winner:)

Starting up - 2016-08-06 (09:42:36)
---------------------

Starting up - 2016-08-06 (09:59:40)
---------------------

Starting up - 2016-08-06 (10:05:39)
---------------------
Marine major victory
Xenos Remaining: 0. Humans remaining: 8
Round time: 12:18

Starting up - 2016-08-06 (10:27:50)
---------------------
Marines remaining: 0
Round time: 12:22
Big Winner:)

Starting up - 2016-08-06 (10:53:26)
---------------------

Starting up - 2016-08-06 (13:04:00)
---------------------
Marine major victory
Xenos Remaining: 0. Humans remaining: 16
Round time: 12:36

Starting up - 2016-08-06 (13:44:57)
---------------------

Starting up - 2016-08-06 (14:33:36)
---------------------
Humans remaining: 1
Round time: 12:22
Big Winner: Jesus Christ (Lucashunte)

Starting up - 2016-08-06 (14:59:12)
---------------------
Marines remaining: 0
Round time: 12:47
Big Winner:)

Starting up - 2016-08-06 (15:52:06)
---------------------
Marine major victory
Xenos Remaining: 0. Humans remaining: 7
Round time: 13:17

Starting up - 2016-08-06 (17:14:52)
---------------------
Marine major victory
Xenos Remaining: 0. Humans remaining: 8
Round time: 12:50

Starting up - 2016-08-06 (18:08:38)
---------------------

Starting up - 2016-08-06 (19:19:28)
---------------------
Marine major victory
Xenos Remaining: 0. Humans remaining: 6
Round time: 12:24

Starting up - 2016-08-06 (19:45:55)
---------------------
Marine major victory
Xenos Remaining: 0. Humans remaining: 4
Round time: 13:08

Starting up - 2016-08-06 (20:58:27)
---------------------
Humans remaining: 1
Round time: 12:22
Big Winner: Boris Bourbon (Oprayx73)

Starting up - 2016-08-06 (21:23:12)
---------------------

Starting up - 2016-08-06 (21:44:32)
---------------------

Starting up - 2016-08-06 (22:12:41)
---------------------
Humans remaining: 1
Round time: 12:14
Big Winner: Kami Ryoku (Killpath)

Starting up - 2016-08-06 (22:28:54)
---------------------
Humans remaining: 1
Round time: 12:10
Big Winner: God Xur (Xurphorus)

Starting up - 2016-08-06 (22:41:42)
---------------------
Humans remaining: 1
Round time: 12:12
Big Winner: God Xur (Xurphorus)

Starting up - 2016-08-06 (22:56:12)
---------------------
Humans remaining: 1
Round time: 12:04
Big Winner: Kami Ryoku (Killpath)

Starting up - 2016-08-06 (23:03:02)
---------------------
Humans remaining: 1
Round time: 12:03
Big Winner: Jason Smith (Jason god of death)

Starting up - 2016-08-06 (23:09:00)
---------------------
Humans remaining: 1
Round time: 12:04
Big Winner: Jason Smith (Jason god of death)

Starting up - 2016-08-06 (23:14:59)
---------------------
Marines remaining: 0
Round time: 12:09
Big Winner:)

Starting up - 2016-08-06 (23:27:47)
---------------------

Starting up - 2016-08-06 (23:40:35)
---------------------
Humans remaining: 1
Round time: 12:17
Big Winner: Jim 'Twitch' Sanders (Skycave1)

Starting up - 2016-08-07 (00:00:12)
---------------------

Starting up - 2016-08-07 (00:01:55)
---------------------
Humans remaining: 1
Round time: 12:17
Big Winner: Jeb Power (LOLSKELETONS)

Starting up - 2016-08-07 (00:20:41)
---------------------
Humans remaining: 1
Round time: 12:06
Big Winner: God Xur (Xurphorus)

Starting up - 2016-08-07 (00:29:13)
---------------------
Humans remaining: 1
Round time: 12:21
Big Winner: Jason Smith (Jason god of death)

Starting up - 2016-08-07 (00:53:07)
---------------------
Humans remaining: 1
Round time: 12:06
Big Winner: God Xur (Xurphorus)

Starting up - 2016-08-07 (01:01:39)
---------------------
Humans remaining: 1
Round time: 12:08
Big Winner: Cruz Tennant (Crosses)

Starting up - 2016-08-07 (01:12:44)
---------------------
Humans remaining: 1
Round time: 12:30
Big Winner: God Xur (Xurphorus)

Starting up - 2016-08-07 (01:46:01)
---------------------
Humans remaining: 1
Round time: 12:15
Big Winner: ABe Blake (Scavengerquack)

Starting up - 2016-08-07 (02:03:56)
---------------------
Humans remaining: 1
Round time: 12:07
Big Winner: Jude Stafford (Scavengerquack)

Starting up - 2016-08-07 (02:14:11)
---------------------
Humans remaining: 1
Round time: 12:05
Big Winner: Aaden Atkinson (Scavengerquack)

Starting up - 2016-08-07 (02:21:00)
---------------------
Humans remaining: 1
Round time: 12:06
Big Winner: Ivan Stroh (Scavengerquack)

Starting up - 2016-08-07 (02:29:32)
---------------------
Humans remaining: 1
Round time: 12:34
Big Winner: Abe Blake (Scavengerquack)

Starting up - 2016-08-07 (03:06:14)
---------------------
Humans remaining: 1
Round time: 12:07
Big Winner: Abe Freeman (Scavengerquack)

Starting up - 2016-08-07 (03:15:37)
---------------------
Humans remaining: 1
Round time: 12:07
Big Winner: Dookin Dooks (ZaakD)

Starting up - 2016-08-07 (03:25:52)
---------------------
Humans remaining: 1
Round time: 12:24
Big Winner: Dookin Dooks (ZaakD)

Starting up - 2016-08-07 (03:52:19)
---------------------
Humans remaining: 1
Round time: 12:10
Big Winner: Dookin Dooks (ZaakD)

Starting up - 2016-08-07 (04:04:16)
---------------------
Marines remaining: 0
Round time: 12:39
Big Winner:)

Starting up - 2016-08-07 (04:46:56)
---------------------
Humans remaining: 1
Round time: 12:34
Big Winner: Alfred Bicknell (Jack354yo)

Starting up - 2016-08-07 (05:22:46)
---------------------

Starting up - 2016-08-07 (09:26:49)
---------------------

Starting up - 2016-08-07 (10:21:26)
---------------------
Marine major victory
Xenos Remaining: 0. Humans remaining: 5
Round time: 13:49

Starting up - 2016-08-07 (12:18:20)
---------------------
Marines remaining: 0
Round time: 12:24
Big Winner:)

Starting up - 2016-08-07 (12:44:48)
---------------------
Alien major victory
Xenos Remaining: 6. Humans remaining: 0
Round time: 13:34

Starting up - 2016-08-07 (14:26:20)
---------------------
Humans remaining: 1
Round time: 12:27
Big Winner: Beau Coldsmith (CarbonHell)

Starting up - 2016-08-07 (14:55:21)
---------------------
Humans remaining: 1
Round time: 12:35
Big Winner: Boris Bourbon (Oprayx73)

Starting up - 2016-08-07 (15:33:45)
---------------------
Marines remaining: 0
Round time: 12:47
Big Winner:)

Starting up - 2016-08-07 (16:28:22)
---------------------
Marine major victory
Xenos Remaining: 0. Humans remaining: 13
Round time: 12:25

Starting up - 2016-08-07 (16:57:23)
---------------------
Marine major victory
Xenos Remaining: 0. Humans remaining: 15
Round time: 12:41

Starting up - 2016-08-07 (17:42:36)
---------------------
Alien major victory
Xenos Remaining: 3. Humans remaining: 0
Round time: 13:22

Starting up - 2016-08-07 (19:12:12)
---------------------
Marine major victory
Xenos Remaining: 0. Humans remaining: 8
Round time: 13:44

Starting up - 2016-08-07 (21:04:51)
---------------------
Marines remaining: 0
Round time: 12:30
Big Winner:)

Starting up - 2016-08-07 (21:38:59)
---------------------
Marines remaining: 0
Round time: 12:19
Big Winner:)

Starting up - 2016-08-07 (22:01:10)
---------------------
Marines remaining: 0
Round time: 12:37
Big Winner:)

Starting up - 2016-08-07 (22:42:08)
---------------------
Humans remaining: 1
Round time: 12:13
Big Winner: Adolf Hitler (Benblu)

Starting up - 2016-08-07 (22:57:29)
---------------------
Marine major victory
Xenos Remaining: 0. Humans remaining: 2
Round time: 12:10

Starting up - 2016-08-07 (23:09:26)
---------------------
Marines remaining: 0
Round time: 12:07
Big Winner:)

Starting up - 2016-08-07 (23:19:40)
---------------------
Marines remaining: 0
Round time: 12:18
Big Winner:)

Starting up - 2016-08-07 (23:39:18)
---------------------
Marines remaining: 0
Round time: 12:13
Big Winner:)

Starting up - 2016-08-07 (23:55:31)
---------------------

Starting up - 2016-08-08 (01:48:09)
---------------------
Marines remaining: 0
Round time: 12:10
Big Winner:)

Starting up - 2016-08-08 (02:03:31)
---------------------

Starting up - 2016-08-08 (02:28:16)
---------------------
Marines remaining: 0
Round time: 12:46
Big Winner:)

Starting up - 2016-08-08 (03:36:32)
---------------------

Starting up - 2016-08-08 (16:44:09)
---------------------
Marine major victory
Xenos Remaining: 0. Humans remaining: 11
Round time: 12:13

Starting up - 2016-08-08 (17:05:29)
---------------------
Marine major victory
Xenos Remaining: 0. Humans remaining: 8
Round time: 12:19

Starting up - 2016-08-08 (17:26:49)
---------------------
Marine major victory
Xenos Remaining: 0. Humans remaining: 13
Round time: 13:10

Starting up - 2016-08-08 (18:47:53)
---------------------
Marines remaining: 0
Round time: 12:23
Big Winner:)

Starting up - 2016-08-08 (19:14:20)
---------------------
Humans remaining: 1
Round time: 12:16
Big Winner: Goodwin Ual (Blending)

Starting up - 2016-08-08 (19:33:07)
---------------------
Humans remaining: 1
Round time: 12:39
Big Winner: Goodwin Ual (Blending)

Starting up - 2016-08-08 (20:15:47)
---------------------
Marines remaining: 0
Round time: 12:32
Big Winner:)

Starting up - 2016-08-08 (20:53:20)
---------------------

Starting up - 2016-08-08 (21:06:59)
---------------------

Starting up - 2016-08-08 (22:19:31)
---------------------

Starting up - 2016-08-09 (00:58:14)
---------------------

Starting up - 2016-08-09 (03:15:37)
---------------------
Marine major victory
Xenos Remaining: 0. Humans remaining: 2
Round time: 12:19

Starting up - 2016-08-09 (03:36:57)
---------------------

Starting up - 2016-08-09 (03:41:13)
---------------------

Starting up - 2016-08-09 (06:05:26)
---------------------
Alien major victory
Xenos Remaining: 1. Humans remaining: 0
Round time: 12:29

Starting up - 2016-08-09 (06:37:52)
---------------------
Alien major victory
Xenos Remaining: 3. Humans remaining: 0
Round time: 12:53

Starting up - 2016-08-09 (07:33:20)
---------------------
Marine major victory
Xenos Remaining: 0. Humans remaining: 2
Round time: 13:17

Starting up - 2016-08-09 (08:54:24)
---------------------
Marine major victory
Xenos Remaining: 0. Humans remaining: 6
Round time: 12:28

Starting up - 2016-08-09 (09:25:58)
---------------------
Marine major victory
Xenos Remaining: 0. Humans remaining: 4
Round time: 13:42

Starting up - 2016-08-09 (11:12:38)
---------------------
Alien major victory
Xenos Remaining: 6. Humans remaining: 0
Round time: 14:35

Starting up - 2016-08-09 (13:53:55)
---------------------
Marines remaining: 0
Round time: 12:34
Big Winner:)

Starting up - 2016-08-09 (14:31:28)
---------------------
Alien major victory
Xenos Remaining: 3. Humans remaining: 0
Round time: 14:16

Starting up - 2016-08-09 (16:59:05)
---------------------
Marine major victory
Xenos Remaining: 0. Humans remaining: 3
Round time: 13:23

Starting up - 2016-08-09 (18:26:08)
---------------------
Marines remaining: 0
Round time: 12:28
Big Winner:)

Starting up - 2016-08-09 (18:57:42)
---------------------
Marines remaining: 0
Round time: 12:21
Big Winner:)

Starting up - 2016-08-09 (19:21:36)
---------------------
Marines remaining: 0
Round time: 12:31
Big Winner:)

Starting up - 2016-08-09 (19:55:44)
---------------------
Humans remaining: 1
Round time: 12:25
Big Winner: Goodwin Ual ()

Starting up - 2016-08-09 (20:23:02)
---------------------

Starting up - 2016-08-09 (21:26:11)
---------------------

Starting up - 2016-08-09 (22:00:19)
---------------------
Humans remaining: 1
Round time: 12:24
Big Winner: Nyx 'Haven' Cartwright (Saeptua)

Starting up - 2016-08-09 (22:26:46)
---------------------
Humans remaining: 1
Round time: 12:27
Big Winner: Nyx 'Haven' Cartwright (Saeptua)

Starting up - 2016-08-09 (22:56:38)
---------------------
Marines remaining: 3
Round time: 13:06

Starting up - 2016-08-10 (00:06:36)
---------------------
Marine major victory
Xenos Remaining: 0. Humans remaining: 4
Round time: 13:25

Starting up - 2016-08-10 (01:36:12)
---------------------
Marine major victory
Xenos Remaining: 0. Humans remaining: 3
Round time: 12:49

Starting up - 2016-08-10 (02:28:16)
---------------------
Marine major victory
Xenos Remaining: 0. Humans remaining: 1
Round time: 12:55

Starting up - 2016-08-10 (03:26:17)
---------------------

Starting up - 2016-08-10 (05:08:41)
---------------------

Starting up - 2016-08-10 (07:09:52)
---------------------
Marine major victory
Xenos Remaining: 0. Humans remaining: 3
Round time: 12:40

Starting up - 2016-08-10 (07:53:23)
---------------------
Humans remaining: 1
Round time: 12:16
Big Winner: Ali ''Fox'' Anderson (Hero1001)

Starting up - 2016-08-10 (08:12:09)
---------------------
Marine major victory
Xenos Remaining: 0. Humans remaining: 3
Round time: 12:11

Starting up - 2016-08-10 (08:24:57)
---------------------
Marine major victory
Xenos Remaining: 0. Humans remaining: 3
Round time: 12:04

Starting up - 2016-08-10 (08:31:47)
---------------------

Starting up - 2016-08-10 (08:54:49)
---------------------
Humans remaining: 1
Round time: 12:14
Big Winner: Jesse Polson (Jason Vorheese)

Starting up - 2016-08-10 (09:11:02)
---------------------
Humans remaining: 1
Round time: 12:19
Big Winner: Brock Hegarty (Jack354yo)

Starting up - 2016-08-10 (09:32:22)
---------------------
Humans remaining: 1
Round time: 12:15
Big Winner: Hakon Ramessu (Artur_lang)

Starting up - 2016-08-10 (09:50:17)
---------------------
Humans remaining: 1
Round time: 12:11
Big Winner: Petrov Tsoukalos (FantasticFwoosh)

Starting up - 2016-08-10 (10:03:05)
---------------------

Starting up - 2016-08-10 (11:14:46)
---------------------
Marine major victory
Xenos Remaining: 0. Humans remaining: 7
Round time: 12:06

Starting up - 2016-08-10 (11:24:09)
---------------------
Alien major victory
Xenos Remaining: 2. Humans remaining: 0
Round time: 13:49

Starting up - 2016-08-10 (13:16:48)
---------------------
Marines remaining: 0
Round time: 12:29
Big Winner:)

Starting up - 2016-08-10 (13:49:13)
---------------------
Marines remaining: 0
Round time: 12:36
Big Winner:)

Starting up - 2016-08-10 (14:29:20)
---------------------
Humans remaining: 1
Round time: 12:23
Big Winner: Cherry Kellogg (Kreeping poo)

Starting up - 2016-08-10 (14:54:56)
---------------------
Marine major victory
Xenos Remaining: 0. Humans remaining: 6
Round time: 13:57

Starting up - 2016-08-10 (16:57:48)
---------------------
Marine major victory
Xenos Remaining: 0. Humans remaining: 10
Round time: 12:43

Starting up - 2016-08-10 (17:46:27)
---------------------

Starting up - 2016-08-10 (18:24:51)
---------------------
Marine major victory
Xenos Remaining: 0. Humans remaining: 8
Round time: 12:20

Starting up - 2016-08-10 (18:48:44)
---------------------

Starting up - 2016-08-10 (20:37:07)
---------------------

Starting up - 2016-08-10 (22:11:50)
---------------------
Humans remaining: 1
Round time: 12:32
Big Winner: Connor Dongo (Deepfried_Boogaloo)

Starting up - 2016-08-10 (22:46:49)
---------------------
Humans remaining: 1
Round time: 12:38
Big Winner: Boris Bourbon (Oprayx73)

Starting up - 2016-08-10 (23:27:47)
---------------------
Marine major victory
Xenos Remaining: 0. Humans remaining: 5
Round time: 13:19

Starting up - 2016-08-11 (00:51:24)
---------------------
Alien major victory
Xenos Remaining: 2. Humans remaining: 0
Round time: 14:05

Starting up - 2016-08-11 (03:01:07)
---------------------
Marine major victory
Xenos Remaining: 0. Humans remaining: 4
Round time: 12:36

Starting up - 2016-08-11 (03:38:40)
---------------------
Marines remaining: 0
Round time: 12:22
Big Winner:)

Starting up - 2016-08-11 (04:02:33)
---------------------
Marines remaining: 0
Round time: 12:39
Big Winner:)

Starting up - 2016-08-11 (18:56:51)
---------------------

Starting up - 2016-08-11 (20:57:10)
---------------------
Marine major victory
Xenos Remaining: 0. Humans remaining: 9
Round time: 13:38

Starting up - 2016-08-11 (22:41:16)
---------------------
Alien major victory
Xenos Remaining: 0. Humans remaining: 1
Round time: 13:07

Starting up - 2016-08-11 (23:51:15)
---------------------

Starting up - 2016-08-12 (01:37:04)
---------------------

Starting up - 2016-08-12 (03:39:05)
---------------------

Starting up - 2016-08-13 (18:16:44)
---------------------
Marine major victory
Xenos Remaining: 0. Humans remaining: 5
Round time: 13:29

Starting up - 2016-08-13 (19:49:45)
---------------------
Alien major victory
Xenos Remaining: 5. Humans remaining: 0
Round time: 14:08

Starting up - 2016-08-13 (22:02:52)
---------------------

Starting up - 2016-08-13 (22:39:34)
---------------------
Marine major victory
Xenos Remaining: 0. Humans remaining: 10
Round time: 13:40

Starting up - 2016-08-14 (00:25:23)
---------------------
Marines remaining: 0
Round time: 12:36
Big Winner:)

Starting up - 2016-08-14 (01:04:38)
---------------------
Marine major victory
Xenos Remaining: 0. Humans remaining: 9
Round time: 12:37

Starting up - 2016-08-14 (01:44:44)
---------------------
Alien major victory
Xenos Remaining: 5. Humans remaining: 0
Round time: 13:53

Starting up - 2016-08-14 (03:40:48)
---------------------
Marines remaining: 0
Round time: 12:17
Big Winner:)

Starting up - 2016-08-14 (04:00:25)
---------------------
Humans remaining: 1
Round time: 12:11
Big Winner: Nyx 'Haven' Cartwright (saeptua)

Starting up - 2016-08-14 (04:14:04)
---------------------
Alien major victory
Xenos Remaining: 1. Humans remaining: 0
Round time: 12:07

Starting up - 2016-08-14 (04:22:36)
---------------------

Starting up - 2016-08-14 (06:05:00)
---------------------
Marine major victory
Xenos Remaining: 0. Humans remaining: 3
Round time: 12:30

Starting up - 2016-08-14 (06:37:26)
---------------------
Marines remaining: 0
Round time: 12:38
Big Winner:)

Starting up - 2016-08-14 (07:18:24)
---------------------
Alien major victory
Xenos Remaining: 1. Humans remaining: 0
Round time: 12:29

Starting up - 2016-08-14 (07:50:49)
---------------------
Alien major victory
Xenos Remaining: 1. Humans remaining: 0
Round time: 12:22

Starting up - 2016-08-14 (08:14:43)
---------------------
Alien major victory
Xenos Remaining: 1. Humans remaining: 0
Round time: 12:03

Starting up - 2016-08-14 (08:20:41)
---------------------
Alien major victory
Xenos Remaining: 1. Humans remaining: 0
Round time: 12:03

Starting up - 2016-08-14 (08:25:48)
---------------------
Alien major victory
Xenos Remaining: 1. Humans remaining: 0
Round time: 12:03

Starting up - 2016-08-14 (08:31:47)
---------------------
Alien major victory
Xenos Remaining: 1. Humans remaining: 0
Round time: 12:03

Starting up - 2016-08-14 (08:36:54)
---------------------
Alien major victory
Xenos Remaining: 1. Humans remaining: 0
Round time: 12:03

Starting up - 2016-08-14 (09:04:12)
---------------------

Starting up - 2016-08-14 (09:58:49)
---------------------
Marine major victory
Xenos Remaining: 0. Humans remaining: 6
Round time: 12:03

Starting up - 2016-08-14 (10:04:48)
---------------------
Marine major victory
Xenos Remaining: 0. Humans remaining: 8
Round time: 12:37

Starting up - 2016-08-14 (10:44:03)
---------------------
Humans remaining: 1
Round time: 12:16
Big Winner: Brock Hegarty (Jack354yo)

Starting up - 2016-08-14 (11:02:49)
---------------------

Starting up - 2016-08-14 (12:04:16)
---------------------

Starting up - 2016-08-14 (13:26:11)
---------------------
Humans remaining: 1
Round time: 12:08
Big Winner: Dirk Bullard (MiniMeatwad)

Starting up - 2016-08-14 (13:38:08)
---------------------
Marine major victory
Xenos Remaining: 0. Humans remaining: 2
Round time: 12:28

Starting up - 2016-08-14 (14:08:51)
---------------------
Marine major victory
Xenos Remaining: 0. Humans remaining: 3
Round time: 12:49

Starting up - 2016-08-14 (15:00:54)
---------------------
Marine major victory
Xenos Remaining: 0. Humans remaining: 12
Round time: 12:18

Starting up - 2016-08-14 (15:21:23)
---------------------
Marines remaining: 0
Round time: 12:21
Big Winner:)

Starting up - 2016-08-14 (15:45:16)
---------------------
Marine major victory
Xenos Remaining: 0. Humans remaining: 10
Round time: 12:44

Starting up - 2016-08-14 (16:32:12)
---------------------
Marine major victory
Xenos Remaining: 0. Humans remaining: 8
Round time: 13:01

Starting up - 2016-08-14 (17:37:55)
---------------------
Humans remaining: 1
Round time: 12:21
Big Winner: Boris Bourbon (Oprayx73)

Starting up - 2016-08-14 (18:00:57)
---------------------

Starting up - 2016-08-14 (18:56:25)
---------------------
Marine major victory
Xenos Remaining: 0. Humans remaining: 5
Round time: 12:29

Starting up - 2016-08-14 (19:28:00)
---------------------
Marines remaining: 0
Round time: 12:25
Big Winner:)

Starting up - 2016-08-14 (19:55:18)
---------------------
Marine major victory
Xenos Remaining: 0. Humans remaining: 6
Round time: 13:27

Starting up - 2016-08-14 (21:24:54)
---------------------

Starting up - 2016-08-14 (21:32:35)
---------------------
