
Starting up - 2018-07-06 (19:35:24)
---------------------
Marines remaining: 0
Round time: 12:43
Big Winner:)

Starting up - 2018-07-06 (20:22:20)
---------------------

Starting up - 2018-07-06 (20:24:54)
---------------------

Starting up - 2018-07-06 (20:25:45)
---------------------
Humans remaining: 1
Round time: 12:05
Big Winner: Goodwin Swabey (BlackCrystall)

Starting up - 2018-07-06 (20:34:17)
---------------------
Humans remaining: 1
Round time: 12:27
Big Winner: Goodwin Swabey (BlackCrystall)

Starting up - 2018-07-06 (21:03:18)
---------------------

Starting up - 2018-07-06 (21:06:43)
---------------------
Humans remaining: 1
Round time: 12:27
Big Winner: Goodwin Swabey (BlackCrystall)

Starting up - 2018-07-06 (21:37:26)
---------------------

Starting up - 2018-07-07 (13:28:54)
---------------------

Starting up - 2018-07-07 (13:30:36)
---------------------

Starting up - 2018-07-07 (14:39:44)
---------------------
Marine major victory
Xenos Remaining: 0. Humans remaining: 3
Round time: 13:25

Starting up - 2018-07-07 (16:10:11)
---------------------
Marine major victory
Xenos Remaining: 0. Humans remaining: 5
Round time: 12:22

Starting up - 2018-07-07 (16:35:47)
---------------------
Alien major victory
Xenos Remaining: 1. Humans remaining: 0
Round time: 12:40

Starting up - 2018-07-07 (17:18:27)
---------------------
Alien major victory
Xenos Remaining: 1. Humans remaining: 0
Round time: 12:48

Starting up - 2018-07-07 (18:10:30)
---------------------
Alien major victory
Xenos Remaining: 1. Humans remaining: 0
Round time: 12:59

Starting up - 2018-07-07 (19:11:56)
---------------------

Starting up - 2018-07-07 (23:06:36)
---------------------

Starting up - 2018-07-08 (12:34:43)
---------------------

Starting up - 2018-07-08 (12:43:15)
---------------------

Starting up - 2018-07-08 (12:43:15)
---------------------
Marine major victory
Xenos Remaining: 0. Humans remaining: 2
Round time: 13:00

Starting up - 2018-07-08 (13:57:29)
---------------------
Alien major victory
Xenos Remaining: 4. Humans remaining: 0
Round time: 13:17

Starting up - 2018-07-08 (15:21:07)
---------------------
Humans remaining: 1
Round time: 12:24
Big Winner: Zander Roberts (Victor77705)

Starting up - 2018-07-08 (15:47:34)
---------------------
Marines remaining: 0
Round time: 12:35
Big Winner:)

Starting up - 2018-07-08 (16:25:58)
---------------------
Humans remaining: 1
Round time: 12:15
Big Winner: Goodwin Swabey (BlackCrystall)

Starting up - 2018-07-08 (16:43:02)
---------------------
Marine major victory
Xenos Remaining: 0. Humans remaining: 2
Round time: 13:23

Starting up - 2018-07-08 (18:12:38)
---------------------
Marine major victory
Xenos Remaining: 0. Humans remaining: 4
Round time: 12:29

Starting up - 2018-07-08 (18:44:12)
---------------------
Marine major victory
Xenos Remaining: 0. Humans remaining: 2
Round time: 12:27

Starting up - 2018-07-08 (19:14:04)
---------------------
Alien major victory
Xenos Remaining: 1. Humans remaining: 0
Round time: 12:21

Starting up - 2018-07-08 (19:37:58)
---------------------
Alien major victory
Xenos Remaining: 1. Humans remaining: 0
Round time: 13:02

Starting up - 2018-07-08 (20:43:40)
---------------------
Humans remaining: 1
Round time: 12:16
Big Winner: Goodwin Swabey (BlackCrystall)

Starting up - 2018-07-08 (21:01:36)
---------------------

Starting up - 2018-07-08 (21:26:20)
---------------------

Starting up - 2018-07-09 (08:25:07)
---------------------

Starting up - 2018-07-09 (08:25:58)
---------------------

Starting up - 2018-07-09 (09:34:14)
---------------------

Starting up - 2018-07-09 (12:49:39)
---------------------
Marines remaining: 0
Round time: 12:23
Big Winner:)

Starting up - 2018-07-09 (13:16:06)
---------------------

Starting up - 2018-07-09 (14:58:30)
---------------------

Starting up - 2018-07-09 (16:05:55)
---------------------
Alien major victory
Xenos Remaining: 1. Humans remaining: 0
Round time: 12:17

Starting up - 2018-07-09 (16:25:32)
---------------------
Marine major victory
Xenos Remaining: 0. Humans remaining: 2
Round time: 12:36

Starting up - 2018-07-09 (17:04:48)
---------------------
Alien major victory
Xenos Remaining: 1. Humans remaining: 0
Round time: 12:39

Starting up - 2018-07-09 (17:46:36)
---------------------

Starting up - 2018-07-09 (17:56:51)
---------------------
Marine major victory
Xenos Remaining: 0. Humans remaining: 3
Round time: 12:28

Starting up - 2018-07-09 (18:27:34)
---------------------
Marine major victory
Xenos Remaining: 0. Humans remaining: 1
Round time: 12:38

Starting up - 2018-07-09 (19:07:40)
---------------------
Alien major victory
Xenos Remaining: 1. Humans remaining: 0
Round time: 12:51

Starting up - 2018-07-09 (20:02:17)
---------------------
Marine major victory
Xenos Remaining: 0. Humans remaining: 2
Round time: 12:03

Starting up - 2018-07-09 (20:07:24)
---------------------
Marine major victory
Xenos Remaining: 0. Humans remaining: 2
Round time: 12:05

Starting up - 2018-07-09 (20:15:05)
---------------------
Alien major victory
Xenos Remaining: 1. Humans remaining: 0
Round time: 12:14

Starting up - 2018-07-09 (20:32:09)
---------------------
Humans remaining: 1
Round time: 12:11

Starting up - 2018-07-09 (20:44:57)
---------------------
Humans remaining: 1
Round time: 12:11

Starting up - 2018-07-09 (20:58:36)
---------------------
Humans remaining: 1
Round time: 12:06
Big Winner: Kristen Riker (Vadimka655)

Starting up - 2018-07-09 (21:07:08)
---------------------
Humans remaining: 1
Round time: 12:16
Big Winner: Ian Bode (Victor77705)

Starting up - 2018-07-09 (21:25:55)
---------------------
Humans remaining: 1
Round time: 12:11

Starting up - 2018-07-09 (21:39:34)
---------------------
Humans remaining: 1
Round time: 12:04
Big Winner: Kristen Riker (Vadimka655)

Starting up - 2018-07-09 (21:45:32)
---------------------
Humans remaining: 1
Round time: 12:21
Big Winner: Goodwin Swabey (BlackCrystall)

Starting up - 2018-07-09 (22:08:35)
---------------------
Humans remaining: 1
Round time: 12:02
Big Winner: Goodwin Swabey (BlackCrystall)

Starting up - 2018-07-09 (22:13:42)
---------------------
Humans remaining: 1
Round time: 12:22
Big Winner: Damian Ivanov (Artik12344)

Starting up - 2018-07-09 (22:38:27)
---------------------
Humans remaining: 1
Round time: 12:02
Big Winner: Kristen Riker (Vadimka655)

Starting up - 2018-07-09 (22:41:52)
---------------------
Marines remaining: 0
Round time: 12:17
Big Winner:)

Starting up - 2018-07-09 (23:01:29)
---------------------

Starting up - 2018-07-10 (11:31:34)
---------------------

Starting up - 2018-07-10 (11:52:03)
---------------------

Starting up - 2018-07-10 (12:33:52)
---------------------

Starting up - 2018-07-10 (13:12:16)
---------------------

Starting up - 2018-07-10 (14:42:43)
---------------------
Marine major victory
Xenos Remaining: 0. Humans remaining: 3
Round time: 13:21

Starting up - 2018-07-10 (16:06:20)
---------------------
Marines remaining: 0
Round time: 12:14
Big Winner:)

Starting up - 2018-07-10 (16:23:24)
---------------------
Marine major victory
Xenos Remaining: 0. Humans remaining: 3
Round time: 12:30

Starting up - 2018-07-10 (16:56:41)
---------------------
Marine major victory
Xenos Remaining: 0. Humans remaining: 2
Round time: 12:25

Starting up - 2018-07-10 (17:23:08)
---------------------

Starting up - 2018-07-10 (18:10:56)
---------------------
Humans remaining: 1
Round time: 12:56
Big Winner: Lukas Macko (Foxyguard)

Starting up - 2018-07-10 (19:09:48)
---------------------
Marines remaining: 0
Round time: 12:36
Big Winner:)

Starting up - 2018-07-10 (19:49:04)
---------------------
Humans remaining: 1
Round time: 12:25
Big Winner: Damian Ivanov (Artik12344)

Starting up - 2018-07-10 (20:17:13)
---------------------
Marines remaining: 0
Round time: 12:22
Big Winner:)

Starting up - 2018-07-10 (20:41:58)
---------------------
Marine major victory
Xenos Remaining: 0. Humans remaining: 2
Round time: 12:38

Starting up - 2018-07-10 (21:22:56)
---------------------
Alien major victory
Xenos Remaining: 1. Humans remaining: 0
Round time: 12:46

Starting up - 2018-07-10 (22:12:25)
---------------------
Alien major victory
Xenos Remaining: 1. Humans remaining: 0
Round time: 12:00

Starting up - 2018-07-10 (22:14:59)
---------------------
Humans remaining: 1
Round time: 12:19
Big Winner: Bolt Logan (Misterjopper)

Starting up - 2018-07-10 (22:37:10)
---------------------
Alien major victory
Xenos Remaining: 1. Humans remaining: 0
Round time: 12:28

Starting up - 2018-07-10 (23:07:02)
---------------------

Starting up - 2018-07-10 (23:25:48)
---------------------

Starting up - 2018-07-11 (00:09:20)
---------------------

Starting up - 2018-07-11 (10:55:18)
---------------------

Starting up - 2018-07-11 (10:59:34)
---------------------

Starting up - 2018-07-11 (11:14:56)
---------------------

Starting up - 2018-07-11 (11:53:20)
---------------------

Starting up - 2018-07-11 (12:09:32)
---------------------

Starting up - 2018-07-11 (12:29:10)
---------------------
Alien major victory
Xenos Remaining: 1. Humans remaining: 0
Round time: 12:34

Starting up - 2018-07-11 (13:10:59)
---------------------
Humans remaining: 1
Round time: 12:21
Big Winner: Garret Agg (Victor77705)

Starting up - 2018-07-11 (13:35:44)
---------------------
Alien major victory
Xenos Remaining: 2. Humans remaining: 0
Round time: 13:03

Starting up - 2018-07-11 (14:42:17)
---------------------
Marines remaining: 0
Round time: 12:11
Big Winner:)

Starting up - 2018-07-11 (14:56:48)
---------------------
Humans remaining: 1
Round time: 12:13
Big Winner: Damian Ivanov (Artik12344)

Starting up - 2018-07-11 (15:12:09)
---------------------

Starting up - 2018-07-11 (16:27:15)
---------------------
Marines remaining: 0
Round time: 12:10
Big Winner:)

Starting up - 2018-07-11 (16:40:54)
---------------------

Starting up - 2018-07-11 (17:38:56)
---------------------

Starting up - 2018-07-11 (18:13:55)
---------------------

Starting up - 2018-07-11 (19:24:44)
---------------------

Starting up - 2018-07-11 (21:59:12)
---------------------

Starting up - 2018-07-11 (23:14:17)
---------------------

Starting up - 2018-07-11 (23:20:16)
---------------------

Starting up - 2018-07-12 (11:46:56)
---------------------

Starting up - 2018-07-12 (11:26:27)
---------------------

Starting up - 2018-07-12 (12:31:18)
---------------------
