

Starting up. 19:35.50
---------------------
[19:35:50]MISC: Adding game mode traitor (traitor) to configuration.
[19:35:50]MISC: Adding game mode Colonial Marines (Colonial Marines) to configuration.
[19:35:50]MISC: Adding game mode Hunter Games (Hunter Games) to configuration.
[19:35:50]MISC: Adding game mode Ice Colony (Ice Colony) to configuration.
[19:35:50]MISC: Adding game mode Whiskey Outpost (Whiskey Outpost) to configuration.
[19:35:50]MISC: Adding game mode extended (extended) to configuration.
[19:35:51]MISC: Unknown setting in configuration: 'assistant_limit'
[19:35:51]MISC: Unknown setting in configuration: 'assistant_ratio'
[19:35:51]MISC: Unknown setting in configuration: 'station_levels'
[19:35:51]MISC: Unknown setting in configuration: 'admin_levels'
[19:35:51]MISC: Unknown setting in configuration: 'contact_levels'
[19:35:51]MISC: Unknown setting in configuration: 'player_levels'
[19:35:51]MISC: Unknown setting in configuration: 'expected_round_length'
[19:35:51]MISC: Unknown setting in configuration: 'event_delay_lower'
[19:35:51]MISC: Unknown setting in configuration: 'event_delay_upper'
[19:35:51]MISC: Unknown setting in configuration: 'event_custom_start_major'
[19:35:51]MISC: Unknown setting in configuration: 'starlight'
[19:35:51]MISC: Unknown setting in configuration: 'player_reroute_cap'
[19:35:51]MISC: Unknown setting in configuration: 'disable_space_ruins'
[19:35:51]MISC: Unknown setting in configuration: 'feedback_tableprefix'
[19:35:51]MISC: Saved mode is 'Whiskey Outpost'
[19:35:53]ADMIN: Loading jobban_rank
[19:35:53]ADMIN: jobban_keylist was empty
[19:35:53]ADMIN: Loading Banlist
[19:35:53]ADMIN: Ban Expired: codeinesprite
[19:35:53]DEBUG: Rebuilding Master Controller
[19:36:06]ACCESS: Login: BlackCrystall/(BlackCrystall) from 127.0.0.1-2513525785 || BYOND v512
[19:37:38]VOTE: Gamemode vote started by the server.
[19:37:38]DEBUG: The server has called a gamemode vote
[19:38:39]DEBUG: The server has called a gamemode vote
[19:38:39]VOTE: <b>Vote Result: Inconclusive - No Votes!</b>
[19:40:59]ACCESS: Login: Victor77705/(Victor77705) from 5.139.23.182-2976244093 || BYOND v512
[19:41:04]DEBUG: The server has called a gamemode vote
[19:42:12]ACCESS: Logout: *no key*/(Victor77705)
[19:42:12]ACCESS: Login: Victor77705/(Taryn Pinney) from 5.139.23.182-2976244093 || BYOND v512
[19:42:24]DEBUG: BlackCrystall was force-drafted as WO Role, because there aren't enough candidates.
[19:42:24]ACCESS: Logout: *no key*/(BlackCrystall)
[19:42:24]ACCESS: Login: BlackCrystall/(Goodwin Swabey) from 127.0.0.1-2513525785 || BYOND v512
[19:42:34]DEBUG: Next event in 47.948 minutes.
[19:49:25]ADMIN: victor77705 has joined as Young Runner (664).
[19:49:25]ACCESS: Logout: *no key*/(Taryn Pinney)
[19:49:25]ACCESS: Login: victor77705/(Young Runner (664)) from 5.139.23.182-2976244093 || BYOND v512
[19:50:02]ATTACK: UA-577 Gauss Turret shot Young Runner (664) (victor77705) with a the autocannon bullet (<A HREF='?_src_=holder;adminplayerobservecoodjump=1;X=51;Y=41;Z=3'>JMP</a>)
[19:50:02]ATTACK: UA-577 Gauss Turret shot Young Runner (664) (victor77705) with a the autocannon bullet (<A HREF='?_src_=holder;adminplayerobservecoodjump=1;X=51;Y=41;Z=3'>JMP</a>)
[19:50:12]ATTACK: UA-577 Gauss Turret shot Young Runner (664) (victor77705) with a the autocannon bullet (<A HREF='?_src_=holder;adminplayerobservecoodjump=1;X=51;Y=41;Z=3'>JMP</a>)
[19:50:12]ATTACK: UA-577 Gauss Turret shot Young Runner (664) (victor77705) with a the autocannon bullet (<A HREF='?_src_=holder;adminplayerobservecoodjump=1;X=51;Y=41;Z=3'>JMP</a>)
[19:50:12]EMOTE: Young Runner (664)/victor77705 : <B>The Young Runner (664)</B> hisses.
[19:50:22]ACCESS: Logout: *no key*/(Young Runner (664))
[19:50:22]ACCESS: Login: victor77705/(Young Runner (664)) from 5.139.23.182-2976244093 || BYOND v512
[19:50:28]ADMIN: victor77705 has joined as Young Runner (897).
[19:50:28]ACCESS: Logout: *no key*/(Young Runner (664))
[19:50:28]ACCESS: Login: victor77705/(Young Runner (897)) from 5.139.23.182-2976244093 || BYOND v512
[19:51:16]ATTACK: UA-577 Gauss Turret shot Young Runner (897) (victor77705) with a the autocannon bullet (<A HREF='?_src_=holder;adminplayerobservecoodjump=1;X=51;Y=62;Z=3'>JMP</a>)
[19:51:16]ATTACK: UA-577 Gauss Turret shot Young Runner (897) (victor77705) with a the autocannon bullet (<A HREF='?_src_=holder;adminplayerobservecoodjump=1;X=51;Y=62;Z=3'>JMP</a>)
[19:51:16]ATTACK: UA-577 Gauss Turret shot Young Runner (897) (victor77705) with a the autocannon bullet (<A HREF='?_src_=holder;adminplayerobservecoodjump=1;X=51;Y=62;Z=3'>JMP</a>)
[19:51:16]EMOTE: Young Runner (897)/victor77705 : <B>The Young Runner (897)</B> roars!
[19:51:38]ACCESS: Logout: *no key*/(Young Runner (897))
[19:51:38]ACCESS: Login: victor77705/(Young Runner (897)) from 5.139.23.182-2976244093 || BYOND v512
[19:51:53]ADMIN: victor77705 has joined as Young Runner (373).
[19:51:53]ACCESS: Logout: *no key*/(Young Runner (897))
[19:51:53]ACCESS: Login: victor77705/(Young Runner (373)) from 5.139.23.182-2976244093 || BYOND v512
[19:52:27]ATTACK: UA-577 Gauss Turret shot Young Runner (373) (victor77705) with a the autocannon bullet (<A HREF='?_src_=holder;adminplayerobservecoodjump=1;X=62;Y=52;Z=3'>JMP</a>)
[19:52:47]ATTACK: UA-577 Gauss Turret shot Young Runner (373) (victor77705) with a the autocannon bullet (<A HREF='?_src_=holder;adminplayerobservecoodjump=1;X=62;Y=52;Z=3'>JMP</a>)
[19:52:47]ATTACK: UA-577 Gauss Turret shot Young Runner (373) (victor77705) with a the autocannon bullet (<A HREF='?_src_=holder;adminplayerobservecoodjump=1;X=62;Y=52;Z=3'>JMP</a>)
[19:52:48]ATTACK: UA-577 Gauss Turret shot Young Runner (373) (victor77705) with a the autocannon bullet (<A HREF='?_src_=holder;adminplayerobservecoodjump=1;X=62;Y=52;Z=3'>JMP</a>)
[19:52:49]ATTACK: UA-577 Gauss Turret shot Young Runner (373) (victor77705) with a the autocannon bullet (<A HREF='?_src_=holder;adminplayerobservecoodjump=1;X=62;Y=52;Z=3'>JMP</a>)
[19:52:49]ATTACK: UA-577 Gauss Turret shot Young Runner (373) (victor77705) with a the autocannon bullet (<A HREF='?_src_=holder;adminplayerobservecoodjump=1;X=62;Y=52;Z=3'>JMP</a>)
[19:52:54]ACCESS: Logout: *no key*/(Young Runner (373))
[19:52:54]ACCESS: Login: victor77705/(Young Runner (373)) from 5.139.23.182-2976244093 || BYOND v512
[19:53:03]ADMIN: victor77705 has joined as Young Drone (112).
[19:53:03]ACCESS: Logout: *no key*/(Young Runner (373))
[19:53:03]ACCESS: Login: victor77705/(Young Drone (112)) from 5.139.23.182-2976244093 || BYOND v512
[19:54:05]ATTACK: UA-577 Gauss Turret shot Young Drone (112) (victor77705) with a the autocannon bullet (<A HREF='?_src_=holder;adminplayerobservecoodjump=1;X=62;Y=52;Z=3'>JMP</a>)
[19:54:09]ATTACK: UA-577 Gauss Turret shot Young Drone (112) (victor77705) with a the autocannon bullet (<A HREF='?_src_=holder;adminplayerobservecoodjump=1;X=62;Y=52;Z=3'>JMP</a>)
[19:54:11]ATTACK: UA-577 Gauss Turret shot Young Drone (112) (victor77705) with a the autocannon bullet (<A HREF='?_src_=holder;adminplayerobservecoodjump=1;X=62;Y=52;Z=3'>JMP</a>)
[19:54:11]ATTACK: UA-577 Gauss Turret shot Young Drone (112) (victor77705) with a the autocannon bullet (<A HREF='?_src_=holder;adminplayerobservecoodjump=1;X=62;Y=52;Z=3'>JMP</a>)
[19:54:11]ATTACK: UA-577 Gauss Turret shot Young Drone (112) (victor77705) with a the autocannon bullet (<A HREF='?_src_=holder;adminplayerobservecoodjump=1;X=62;Y=52;Z=3'>JMP</a>)
[19:54:12]SAY: Mister Wiggles/ : AUUUUUU
[19:54:15]ACCESS: Logout: *no key*/(Young Drone (112))
[19:54:15]ACCESS: Login: victor77705/(Young Drone (112)) from 5.139.23.182-2976244093 || BYOND v512
[19:54:25]ADMIN: victor77705 has joined as Young Sentinel (353).
[19:54:25]ACCESS: Logout: *no key*/(Young Drone (112))
[19:54:25]ACCESS: Login: victor77705/(Young Sentinel (353)) from 5.139.23.182-2976244093 || BYOND v512
[19:55:50]ATTACK: UA-577 Gauss Turret shot Young Sentinel (353) (victor77705) with a the autocannon bullet (<A HREF='?_src_=holder;adminplayerobservecoodjump=1;X=62;Y=52;Z=3'>JMP</a>)
[19:55:53]ATTACK: UA-577 Gauss Turret shot Young Sentinel (353) (victor77705) with a the autocannon bullet (<A HREF='?_src_=holder;adminplayerobservecoodjump=1;X=62;Y=52;Z=3'>JMP</a>)
[19:55:53]ATTACK: UA-577 Gauss Turret shot Young Sentinel (353) (victor77705) with a the autocannon bullet (<A HREF='?_src_=holder;adminplayerobservecoodjump=1;X=62;Y=52;Z=3'>JMP</a>)
[19:55:53]ATTACK: UA-577 Gauss Turret shot Young Sentinel (353) (victor77705) with a the autocannon bullet (<A HREF='?_src_=holder;adminplayerobservecoodjump=1;X=62;Y=52;Z=3'>JMP</a>)
[19:55:55]ATTACK: UA-577 Gauss Turret shot Young Sentinel (353) (victor77705) with a the autocannon bullet (<A HREF='?_src_=holder;adminplayerobservecoodjump=1;X=62;Y=52;Z=3'>JMP</a>)
[19:55:55]ATTACK: UA-577 Gauss Turret shot Young Sentinel (353) (victor77705) with a the autocannon bullet (<A HREF='?_src_=holder;adminplayerobservecoodjump=1;X=62;Y=52;Z=3'>JMP</a>)
[19:55:55]ATTACK: UA-577 Gauss Turret shot Young Sentinel (353) (victor77705) with a the autocannon bullet (<A HREF='?_src_=holder;adminplayerobservecoodjump=1;X=62;Y=52;Z=3'>JMP</a>)
[19:55:59]ACCESS: Logout: *no key*/(Young Sentinel (353))
[19:55:59]ACCESS: Login: victor77705/(Young Sentinel (353)) from 5.139.23.182-2976244093 || BYOND v512
[19:56:09]ADMIN: victor77705 has joined as Young Runner (98).
[19:56:09]ACCESS: Logout: *no key*/(Young Sentinel (353))
[19:56:09]ACCESS: Login: victor77705/(Young Runner (98)) from 5.139.23.182-2976244093 || BYOND v512
[19:56:33]ATTACK: UA-577 Gauss Turret shot Young Runner (98) (victor77705) with a the autocannon bullet (<A HREF='?_src_=holder;adminplayerobservecoodjump=1;X=40;Y=50;Z=3'>JMP</a>)
[19:56:33]ATTACK: UA-577 Gauss Turret shot Young Runner (98) (victor77705) with a the autocannon bullet (<A HREF='?_src_=holder;adminplayerobservecoodjump=1;X=40;Y=50;Z=3'>JMP</a>)
[19:56:33]ATTACK: UA-577 Gauss Turret shot Young Runner (98) (victor77705) with a the autocannon bullet (<A HREF='?_src_=holder;adminplayerobservecoodjump=1;X=40;Y=50;Z=3'>JMP</a>)
[19:56:35]ATTACK: UA-577 Gauss Turret shot Young Runner (98) (victor77705) with a the autocannon bullet (<A HREF='?_src_=holder;adminplayerobservecoodjump=1;X=40;Y=50;Z=3'>JMP</a>)
[19:56:35]ATTACK: UA-577 Gauss Turret shot Young Runner (98) (victor77705) with a the autocannon bullet (<A HREF='?_src_=holder;adminplayerobservecoodjump=1;X=40;Y=50;Z=3'>JMP</a>)
[19:56:35]ATTACK: UA-577 Gauss Turret shot Young Runner (98) (victor77705) with a the autocannon bullet (<A HREF='?_src_=holder;adminplayerobservecoodjump=1;X=40;Y=50;Z=3'>JMP</a>)
[19:56:39]ACCESS: Logout: *no key*/(Young Runner (98))
[19:56:39]ACCESS: Login: victor77705/(Young Runner (98)) from 5.139.23.182-2976244093 || BYOND v512
[19:56:57]ADMIN: victor77705 has joined as Young Runner (101).
[19:56:57]ACCESS: Logout: *no key*/(Young Runner (98))
[19:56:57]ACCESS: Login: victor77705/(Young Runner (101)) from 5.139.23.182-2976244093 || BYOND v512
[19:57:16]SAY: Mister Wiggles/ : Bark!
[19:57:33]ATTACK: UA-577 Gauss Turret shot Young Runner (101) (victor77705) with a the autocannon bullet (<A HREF='?_src_=holder;adminplayerobservecoodjump=1;X=62;Y=52;Z=3'>JMP</a>)
[19:57:46]ATTACK: UA-577 Gauss Turret shot Young Runner (101) (victor77705) with a the autocannon bullet (<A HREF='?_src_=holder;adminplayerobservecoodjump=1;X=62;Y=52;Z=3'>JMP</a>)
[19:57:46]EMOTE: Young Runner (101)/victor77705 : <B>The Young Runner (101)</B> hisses.
[19:57:47]ATTACK: UA-577 Gauss Turret shot Young Runner (101) (victor77705) with a the autocannon bullet (<A HREF='?_src_=holder;adminplayerobservecoodjump=1;X=62;Y=52;Z=3'>JMP</a>)
[19:57:54]GAME: <a href='?priv_msg=[0x5000002]'>victor77705</a>/(Young Runner (101)) has ghosted.
[19:57:54]ACCESS: Logout: *no key*/(Young Runner (101))
[19:57:54]ACCESS: Login: victor77705/(Young Runner (101)) from 5.139.23.182-2976244093 || BYOND v512
[19:57:59]ADMIN: victor77705 has joined as Young Runner (733).
[19:57:59]ACCESS: Logout: *no key*/(Young Runner (101))
[19:57:59]ACCESS: Login: victor77705/(Young Runner (733)) from 5.139.23.182-2976244093 || BYOND v512
[19:58:22]ATTACK: UA-577 Gauss Turret shot Young Runner (733) (victor77705) with a the autocannon bullet (<A HREF='?_src_=holder;adminplayerobservecoodjump=1;X=62;Y=52;Z=3'>JMP</a>)
[19:58:29]ATTACK: UA-577 Gauss Turret shot Young Runner (733) (victor77705) with a the autocannon bullet (<A HREF='?_src_=holder;adminplayerobservecoodjump=1;X=62;Y=52;Z=3'>JMP</a>)
[19:58:29]EMOTE: Young Runner (733)/victor77705 : <B>The Young Runner (733)</B> roars!
[19:58:30]ATTACK: UA-577 Gauss Turret shot Young Runner (733) (victor77705) with a the autocannon bullet (<A HREF='?_src_=holder;adminplayerobservecoodjump=1;X=62;Y=52;Z=3'>JMP</a>)
[19:58:30]EMOTE: Young Runner (733)/victor77705 : <B>The Young Runner (733)</B> hisses.
[19:58:30]ATTACK: UA-577 Gauss Turret shot Young Runner (733) (victor77705) with a the autocannon bullet (<A HREF='?_src_=holder;adminplayerobservecoodjump=1;X=62;Y=52;Z=3'>JMP</a>)
[19:58:30]EMOTE: Goodwin Swabey/BlackCrystall : <B>Goodwin Swabey</B> screams!
[19:58:32]ATTACK: UA-577 Gauss Turret shot Young Runner (733) (victor77705) with a the autocannon bullet (<A HREF='?_src_=holder;adminplayerobservecoodjump=1;X=62;Y=52;Z=3'>JMP</a>)
[19:58:32]ATTACK: UA-577 Gauss Turret shot Young Runner (733) (victor77705) with a the autocannon bullet (<A HREF='?_src_=holder;adminplayerobservecoodjump=1;X=62;Y=52;Z=3'>JMP</a>)
[19:58:36]ACCESS: Logout: *no key*/(Young Runner (733))
[19:58:36]ACCESS: Login: victor77705/(Young Runner (733)) from 5.139.23.182-2976244093 || BYOND v512
[19:58:46]ADMIN: victor77705 has joined as Young Sentinel (837).
[19:58:46]ACCESS: Logout: *no key*/(Young Runner (733))
[19:58:46]ACCESS: Login: victor77705/(Young Sentinel (837)) from 5.139.23.182-2976244093 || BYOND v512
[19:59:53]ATTACK: UA-577 Gauss Turret shot Young Sentinel (837) (victor77705) with a the autocannon bullet (<A HREF='?_src_=holder;adminplayerobservecoodjump=1;X=62;Y=52;Z=3'>JMP</a>)
[19:59:54]ATTACK: UA-577 Gauss Turret shot Young Sentinel (837) (victor77705) with a the autocannon bullet (<A HREF='?_src_=holder;adminplayerobservecoodjump=1;X=62;Y=52;Z=3'>JMP</a>)
[20:00:33]ATTACK: UA-577 Gauss Turret shot Young Sentinel (837) (victor77705) with a the autocannon bullet (<A HREF='?_src_=holder;adminplayerobservecoodjump=1;X=62;Y=52;Z=3'>JMP</a>)
[20:00:33]ATTACK: UA-577 Gauss Turret shot Young Sentinel (837) (victor77705) with a the autocannon bullet (<A HREF='?_src_=holder;adminplayerobservecoodjump=1;X=62;Y=52;Z=3'>JMP</a>)
[20:00:40]GAME: <a href='?priv_msg=[0x5000002]'>victor77705</a>/(Young Sentinel (837)) has ghosted.
[20:00:40]ACCESS: Logout: *no key*/(Young Sentinel (837))
[20:00:40]ACCESS: Login: victor77705/(Young Sentinel (837)) from 5.139.23.182-2976244093 || BYOND v512
[20:01:01]ADMIN: victor77705 has joined as Young Sentinel (837).
[20:01:01]ACCESS: Logout: *no key*/(Young Sentinel (837))
[20:01:01]ACCESS: Login: victor77705/(Young Sentinel (837)) from 5.139.23.182-2976244093 || BYOND v512
[20:01:09]GAME: <a href='?priv_msg=[0x5000002]'>victor77705</a>/(Young Sentinel (837)) has ghosted.
[20:01:09]ACCESS: Logout: *no key*/(Young Sentinel (837))
[20:01:09]ACCESS: Login: victor77705/(Young Sentinel (837)) from 5.139.23.182-2976244093 || BYOND v512
[20:01:20]ADMIN: victor77705 has joined as Young Sentinel (795).
[20:01:20]ACCESS: Logout: *no key*/(Young Sentinel (837))
[20:01:20]ACCESS: Login: victor77705/(Young Sentinel (795)) from 5.139.23.182-2976244093 || BYOND v512
[20:02:20]ATTACK: UA-577 Gauss Turret shot Young Sentinel (795) (victor77705) with a the autocannon bullet (<A HREF='?_src_=holder;adminplayerobservecoodjump=1;X=51;Y=62;Z=3'>JMP</a>)
[20:02:22]ATTACK: UA-577 Gauss Turret shot Young Sentinel (795) (victor77705) with a the autocannon bullet (<A HREF='?_src_=holder;adminplayerobservecoodjump=1;X=51;Y=62;Z=3'>JMP</a>)
[20:02:22]EMOTE: Young Sentinel (795)/victor77705 : <B>The Young Sentinel (795)</B> hisses.
[20:02:22]ATTACK: UA-577 Gauss Turret shot Young Sentinel (795) (victor77705) with a the autocannon bullet (<A HREF='?_src_=holder;adminplayerobservecoodjump=1;X=51;Y=62;Z=3'>JMP</a>)
[20:02:22]EMOTE: Young Sentinel (795)/victor77705 : <B>The Young Sentinel (795)</B> roars!
[20:02:22]ATTACK: UA-577 Gauss Turret shot Young Sentinel (795) (victor77705) with a the autocannon bullet (<A HREF='?_src_=holder;adminplayerobservecoodjump=1;X=51;Y=62;Z=3'>JMP</a>)
[20:02:24]ATTACK: UA-577 Gauss Turret shot Young Sentinel (795) (victor77705) with a the autocannon bullet (<A HREF='?_src_=holder;adminplayerobservecoodjump=1;X=51;Y=62;Z=3'>JMP</a>)
[20:02:24]ATTACK: UA-577 Gauss Turret shot Young Sentinel (795) (victor77705) with a the autocannon bullet (<A HREF='?_src_=holder;adminplayerobservecoodjump=1;X=51;Y=62;Z=3'>JMP</a>)
[20:02:24]ATTACK: UA-577 Gauss Turret shot Young Sentinel (795) (victor77705) with a the autocannon bullet (<A HREF='?_src_=holder;adminplayerobservecoodjump=1;X=51;Y=62;Z=3'>JMP</a>)
[20:02:28]ACCESS: Logout: *no key*/(Young Sentinel (795))
[20:02:28]ACCESS: Login: victor77705/(Young Sentinel (795)) from 5.139.23.182-2976244093 || BYOND v512
[20:03:06]ADMIN: victor77705 has joined as Young Drone (296).
[20:03:06]ACCESS: Logout: *no key*/(Young Sentinel (795))
[20:03:06]ACCESS: Login: victor77705/(Young Drone (296)) from 5.139.23.182-2976244093 || BYOND v512
[20:03:30]ATTACK: UA-577 Gauss Turret shot Young Drone (296) (victor77705) with a the autocannon bullet (<A HREF='?_src_=holder;adminplayerobservecoodjump=1;X=40;Y=50;Z=3'>JMP</a>)
[20:03:31]ATTACK: UA-577 Gauss Turret shot Young Drone (296) (victor77705) with a the autocannon bullet (<A HREF='?_src_=holder;adminplayerobservecoodjump=1;X=40;Y=50;Z=3'>JMP</a>)
[20:03:33]ATTACK: UA-577 Gauss Turret shot Young Drone (296) (victor77705) with a the autocannon bullet (<A HREF='?_src_=holder;adminplayerobservecoodjump=1;X=40;Y=50;Z=3'>JMP</a>)
[20:03:34]ATTACK: UA-577 Gauss Turret shot Young Drone (296) (victor77705) with a the autocannon bullet (<A HREF='?_src_=holder;adminplayerobservecoodjump=1;X=40;Y=50;Z=3'>JMP</a>)
[20:03:34]ATTACK: UA-577 Gauss Turret shot Young Drone (296) (victor77705) with a the autocannon bullet (<A HREF='?_src_=holder;adminplayerobservecoodjump=1;X=40;Y=50;Z=3'>JMP</a>)
[20:03:34]ATTACK: UA-577 Gauss Turret shot Young Drone (296) (victor77705) with a the autocannon bullet (<A HREF='?_src_=holder;adminplayerobservecoodjump=1;X=40;Y=50;Z=3'>JMP</a>)
[20:03:38]ACCESS: Logout: *no key*/(Young Drone (296))
[20:03:38]ACCESS: Login: victor77705/(Young Drone (296)) from 5.139.23.182-2976244093 || BYOND v512
[20:03:44]ADMIN: victor77705 has joined as Young Drone (421).
[20:03:44]ACCESS: Logout: *no key*/(Young Drone (296))
[20:03:44]ACCESS: Login: victor77705/(Young Drone (421)) from 5.139.23.182-2976244093 || BYOND v512
[20:04:27]ATTACK: Young Drone (421) (victor77705) spat acid on the red lightstick.
[20:04:37]ATTACK: Young Drone (421) (victor77705) spat acid on the metal barricade.
[20:05:44]ATTACK: UA-577 Gauss Turret shot Young Drone (421) (victor77705) with a the autocannon bullet (<A HREF='?_src_=holder;adminplayerobservecoodjump=1;X=62;Y=52;Z=3'>JMP</a>)
[20:05:44]EMOTE: Young Drone (421)/victor77705 : <B>The Young Drone (421)</B> hisses.
[20:05:44]ATTACK: UA-577 Gauss Turret shot Young Drone (421) (victor77705) with a the autocannon bullet (<A HREF='?_src_=holder;adminplayerobservecoodjump=1;X=62;Y=52;Z=3'>JMP</a>)
[20:05:46]ATTACK: UA-577 Gauss Turret shot Young Drone (421) (victor77705) with a the autocannon bullet (<A HREF='?_src_=holder;adminplayerobservecoodjump=1;X=62;Y=52;Z=3'>JMP</a>)
[20:05:46]ATTACK: UA-577 Gauss Turret shot Young Drone (421) (victor77705) with a the autocannon bullet (<A HREF='?_src_=holder;adminplayerobservecoodjump=1;X=62;Y=52;Z=3'>JMP</a>)
[20:05:53]GAME: <a href='?priv_msg=[0x5000002]'>victor77705</a>/(Young Drone (421)) has ghosted.
[20:05:53]ACCESS: Logout: *no key*/(Young Drone (421))
[20:05:53]ACCESS: Login: victor77705/(Young Drone (421)) from 5.139.23.182-2976244093 || BYOND v512
[20:06:05]ADMIN: victor77705 has joined as Young Drone (417).
[20:06:05]ACCESS: Logout: *no key*/(Young Drone (421))
[20:06:05]ACCESS: Login: victor77705/(Young Drone (417)) from 5.139.23.182-2976244093 || BYOND v512
[20:06:48]ATTACK: UA-577 Gauss Turret shot Young Drone (417) (victor77705) with a the autocannon bullet (<A HREF='?_src_=holder;adminplayerobservecoodjump=1;X=51;Y=62;Z=3'>JMP</a>)
[20:06:48]ATTACK: UA-577 Gauss Turret shot Young Drone (417) (victor77705) with a the autocannon bullet (<A HREF='?_src_=holder;adminplayerobservecoodjump=1;X=51;Y=62;Z=3'>JMP</a>)
[20:06:48]ATTACK: Young Drone (417) (victor77705) spat acid on the metal barricade.
[20:06:48]ATTACK: UA-577 Gauss Turret shot Young Drone (417) (victor77705) with a the autocannon bullet (<A HREF='?_src_=holder;adminplayerobservecoodjump=1;X=51;Y=62;Z=3'>JMP</a>)
[20:06:50]ATTACK: UA-577 Gauss Turret shot Young Drone (417) (victor77705) with a the autocannon bullet (<A HREF='?_src_=holder;adminplayerobservecoodjump=1;X=51;Y=62;Z=3'>JMP</a>)
[20:06:50]ATTACK: UA-577 Gauss Turret shot Young Drone (417) (victor77705) with a the autocannon bullet (<A HREF='?_src_=holder;adminplayerobservecoodjump=1;X=51;Y=62;Z=3'>JMP</a>)
[20:06:50]ATTACK: UA-577 Gauss Turret shot Young Drone (417) (victor77705) with a the autocannon bullet (<A HREF='?_src_=holder;adminplayerobservecoodjump=1;X=51;Y=62;Z=3'>JMP</a>)
[20:06:54]ACCESS: Logout: *no key*/(Young Drone (417))
[20:06:54]ACCESS: Login: victor77705/(Young Drone (417)) from 5.139.23.182-2976244093 || BYOND v512
[20:07:06]ADMIN: victor77705 has joined as Young Drone (507).
[20:07:06]ACCESS: Logout: *no key*/(Young Drone (417))
[20:07:06]ACCESS: Login: victor77705/(Young Drone (507)) from 5.139.23.182-2976244093 || BYOND v512
[20:07:38]ATTACK: Young Drone (507) (victor77705) spat acid on the metal barricade.
[20:07:39]ATTACK: UA-577 Gauss Turret shot Young Drone (507) (victor77705) with a the autocannon bullet (<A HREF='?_src_=holder;adminplayerobservecoodjump=1;X=51;Y=62;Z=3'>JMP</a>)
[20:07:39]ATTACK: UA-577 Gauss Turret shot Young Drone (507) (victor77705) with a the autocannon bullet (<A HREF='?_src_=holder;adminplayerobservecoodjump=1;X=51;Y=62;Z=3'>JMP</a>)
[20:07:39]EMOTE: Young Drone (507)/victor77705 : <B>The Young Drone (507)</B> hisses.
[20:07:39]ATTACK: UA-577 Gauss Turret shot Young Drone (507) (victor77705) with a the autocannon bullet (<A HREF='?_src_=holder;adminplayerobservecoodjump=1;X=51;Y=62;Z=3'>JMP</a>)
[20:07:39]EMOTE: Young Drone (507)/victor77705 : <B>The Young Drone (507)</B> hisses.
[20:07:41]ATTACK: UA-577 Gauss Turret shot Young Drone (507) (victor77705) with a the autocannon bullet (<A HREF='?_src_=holder;adminplayerobservecoodjump=1;X=51;Y=62;Z=3'>JMP</a>)
[20:07:41]ATTACK: UA-577 Gauss Turret shot Young Drone (507) (victor77705) with a the autocannon bullet (<A HREF='?_src_=holder;adminplayerobservecoodjump=1;X=51;Y=62;Z=3'>JMP</a>)
[20:07:41]ATTACK: UA-577 Gauss Turret shot Young Drone (507) (victor77705) with a the autocannon bullet (<A HREF='?_src_=holder;adminplayerobservecoodjump=1;X=51;Y=62;Z=3'>JMP</a>)
[20:07:45]ACCESS: Logout: *no key*/(Young Drone (507))
[20:07:45]ACCESS: Login: victor77705/(Young Drone (507)) from 5.139.23.182-2976244093 || BYOND v512
[20:08:06]ADMIN: victor77705 has joined as Young Drone (842).
[20:08:06]ACCESS: Logout: *no key*/(Young Drone (507))
[20:08:06]ACCESS: Login: victor77705/(Young Drone (842)) from 5.139.23.182-2976244093 || BYOND v512
[20:08:43]ATTACK: UA-577 Gauss Turret shot Young Drone (842) (victor77705) with a the autocannon bullet (<A HREF='?_src_=holder;adminplayerobservecoodjump=1;X=51;Y=41;Z=3'>JMP</a>)
[20:08:43]ATTACK: Young Drone (842) (victor77705) spat acid on the metal barricade.
[20:08:43]ATTACK: UA-577 Gauss Turret shot Young Drone (842) (victor77705) with a the autocannon bullet (<A HREF='?_src_=holder;adminplayerobservecoodjump=1;X=51;Y=41;Z=3'>JMP</a>)
[20:08:45]ATTACK: UA-577 Gauss Turret shot Young Drone (842) (victor77705) with a the autocannon bullet (<A HREF='?_src_=holder;adminplayerobservecoodjump=1;X=51;Y=41;Z=3'>JMP</a>)
[20:08:45]ATTACK: UA-577 Gauss Turret shot Young Drone (842) (victor77705) with a the autocannon bullet (<A HREF='?_src_=holder;adminplayerobservecoodjump=1;X=51;Y=41;Z=3'>JMP</a>)
[20:08:47]ATTACK: UA-577 Gauss Turret shot Young Drone (842) (victor77705) with a the autocannon bullet (<A HREF='?_src_=holder;adminplayerobservecoodjump=1;X=51;Y=41;Z=3'>JMP</a>)
[20:08:47]ATTACK: UA-577 Gauss Turret shot Young Drone (842) (victor77705) with a the autocannon bullet (<A HREF='?_src_=holder;adminplayerobservecoodjump=1;X=51;Y=41;Z=3'>JMP</a>)
[20:08:47]ATTACK: UA-577 Gauss Turret shot Young Drone (842) (victor77705) with a the autocannon bullet (<A HREF='?_src_=holder;adminplayerobservecoodjump=1;X=51;Y=41;Z=3'>JMP</a>)
[20:08:50]ACCESS: Logout: *no key*/(Young Drone (842))
[20:08:50]ACCESS: Login: victor77705/(Young Drone (842)) from 5.139.23.182-2976244093 || BYOND v512
[20:09:12]ADMIN: victor77705 has joined as Young Sentinel (849).
[20:09:12]ACCESS: Logout: *no key*/(Young Drone (842))
[20:09:12]ACCESS: Login: victor77705/(Young Sentinel (849)) from 5.139.23.182-2976244093 || BYOND v512
[20:09:54]ATTACK: Young Sentinel (849) (victor77705) spat acid on the metal barricade.
[20:09:55]ATTACK: UA-577 Gauss Turret shot Young Sentinel (849) (victor77705) with a the autocannon bullet (<A HREF='?_src_=holder;adminplayerobservecoodjump=1;X=62;Y=52;Z=3'>JMP</a>)
[20:09:55]ATTACK: UA-577 Gauss Turret shot Young Sentinel (849) (victor77705) with a the autocannon bullet (<A HREF='?_src_=holder;adminplayerobservecoodjump=1;X=62;Y=52;Z=3'>JMP</a>)
[20:09:55]ATTACK: UA-577 Gauss Turret shot Young Sentinel (849) (victor77705) with a the autocannon bullet (<A HREF='?_src_=holder;adminplayerobservecoodjump=1;X=62;Y=52;Z=3'>JMP</a>)
[20:09:55]EMOTE: Young Sentinel (849)/victor77705 : <B>The Young Sentinel (849)</B> hisses.
[20:10:02]GAME: <a href='?priv_msg=[0x5000002]'>victor77705</a>/(Young Sentinel (849)) has ghosted.
[20:10:02]ACCESS: Logout: *no key*/(Young Sentinel (849))
[20:10:02]ACCESS: Login: victor77705/(Young Sentinel (849)) from 5.139.23.182-2976244093 || BYOND v512
[20:10:30]ADMIN: victor77705 has joined as Young Drone (421).
[20:10:30]ACCESS: Logout: *no key*/(Young Sentinel (849))
[20:10:30]ACCESS: Login: victor77705/(Young Drone (421)) from 5.139.23.182-2976244093 || BYOND v512
[20:10:46]GAME: <a href='?priv_msg=[0x5000002]'>victor77705</a>/(Young Drone (421)) has ghosted.
[20:10:46]ACCESS: Logout: *no key*/(Young Drone (421))
[20:10:46]ACCESS: Login: victor77705/(Young Drone (421)) from 5.139.23.182-2976244093 || BYOND v512
[20:11:25]ADMIN: victor77705 has joined as Young Drone (180).
[20:11:25]ACCESS: Logout: *no key*/(Young Drone (421))
[20:11:25]ACCESS: Login: victor77705/(Young Drone (180)) from 5.139.23.182-2976244093 || BYOND v512
[20:11:53]ATTACK: UA-577 Gauss Turret shot Young Drone (180) (victor77705) with a the autocannon bullet (<A HREF='?_src_=holder;adminplayerobservecoodjump=1;X=51;Y=62;Z=3'>JMP</a>)
[20:11:53]EMOTE: Young Drone (180)/victor77705 : <B>The Young Drone (180)</B> hisses.
[20:11:53]ATTACK: UA-577 Gauss Turret shot Young Drone (180) (victor77705) with a the autocannon bullet (<A HREF='?_src_=holder;adminplayerobservecoodjump=1;X=51;Y=62;Z=3'>JMP</a>)
[20:11:53]ATTACK: UA-577 Gauss Turret shot Young Drone (180) (victor77705) with a the autocannon bullet (<A HREF='?_src_=holder;adminplayerobservecoodjump=1;X=51;Y=62;Z=3'>JMP</a>)
[20:11:54]ATTACK: Young Drone (180) (victor77705) spat acid on the metal barricade.
[20:11:55]ATTACK: UA-577 Gauss Turret shot Young Drone (180) (victor77705) with a the autocannon bullet (<A HREF='?_src_=holder;adminplayerobservecoodjump=1;X=51;Y=62;Z=3'>JMP</a>)
[20:11:55]ATTACK: UA-577 Gauss Turret shot Young Drone (180) (victor77705) with a the autocannon bullet (<A HREF='?_src_=holder;adminplayerobservecoodjump=1;X=51;Y=62;Z=3'>JMP</a>)
[20:11:59]ACCESS: Logout: *no key*/(Young Drone (180))
[20:11:59]ACCESS: Login: victor77705/(Young Drone (180)) from 5.139.23.182-2976244093 || BYOND v512
[20:12:26]ADMIN: victor77705 has joined as Young Sentinel (73).
[20:12:26]ACCESS: Logout: *no key*/(Young Drone (180))
[20:12:26]ACCESS: Login: victor77705/(Young Sentinel (73)) from 5.139.23.182-2976244093 || BYOND v512
[20:12:55]ATTACK: UA-577 Gauss Turret shot Young Sentinel (73) (victor77705) with a the autocannon bullet (<A HREF='?_src_=holder;adminplayerobservecoodjump=1;X=40;Y=50;Z=3'>JMP</a>)
[20:12:55]EMOTE: Young Sentinel (73)/victor77705 : <B>The Young Sentinel (73)</B> hisses.
[20:13:44]ATTACK: UA-577 Gauss Turret shot Young Sentinel (73) (victor77705) with a the autocannon bullet (<A HREF='?_src_=holder;adminplayerobservecoodjump=1;X=40;Y=50;Z=3'>JMP</a>)
[20:13:45]ATTACK: UA-577 Gauss Turret shot Young Sentinel (73) (victor77705) with a the autocannon bullet (<A HREF='?_src_=holder;adminplayerobservecoodjump=1;X=40;Y=50;Z=3'>JMP</a>)
[20:13:47]ATTACK: UA-577 Gauss Turret shot Young Sentinel (73) (victor77705) with a the autocannon bullet (<A HREF='?_src_=holder;adminplayerobservecoodjump=1;X=40;Y=50;Z=3'>JMP</a>)
[20:13:47]EMOTE: Young Sentinel (73)/victor77705 : <B>The Young Sentinel (73)</B> roars!
[20:13:48]ATTACK: UA-577 Gauss Turret shot Young Sentinel (73) (victor77705) with a the autocannon bullet (<A HREF='?_src_=holder;adminplayerobservecoodjump=1;X=40;Y=50;Z=3'>JMP</a>)
[20:13:50]ACCESS: Logout: *no key*/(Young Sentinel (73))
[20:13:50]ACCESS: Login: victor77705/(Young Sentinel (73)) from 5.139.23.182-2976244093 || BYOND v512
[20:13:57]ADMIN: victor77705 has joined as Young Sentinel (849).
[20:13:57]ACCESS: Logout: *no key*/(Young Sentinel (73))
[20:13:57]ACCESS: Login: victor77705/(Young Sentinel (849)) from 5.139.23.182-2976244093 || BYOND v512
[20:14:07]GAME: <a href='?priv_msg=[0x5000002]'>victor77705</a>/(Young Sentinel (849)) has ghosted.
[20:14:07]ACCESS: Logout: *no key*/(Young Sentinel (849))
[20:14:07]ACCESS: Login: victor77705/(Young Sentinel (849)) from 5.139.23.182-2976244093 || BYOND v512
[20:14:15]ADMIN: victor77705 has joined as Young Sentinel (837).
[20:14:15]ACCESS: Logout: *no key*/(Young Sentinel (849))
[20:14:15]ACCESS: Login: victor77705/(Young Sentinel (837)) from 5.139.23.182-2976244093 || BYOND v512
[20:14:22]GAME: <a href='?priv_msg=[0x5000002]'>victor77705</a>/(Young Sentinel (837)) has ghosted.
[20:14:22]ACCESS: Logout: *no key*/(Young Sentinel (837))
[20:14:22]ACCESS: Login: victor77705/(Young Sentinel (837)) from 5.139.23.182-2976244093 || BYOND v512
[20:14:25]ADMIN: victor77705 has joined as Young Runner (950).
[20:14:25]ACCESS: Logout: *no key*/(Young Sentinel (837))
[20:14:25]ACCESS: Login: victor77705/(Young Runner (950)) from 5.139.23.182-2976244093 || BYOND v512
[20:15:06]ATTACK: UA-577 Gauss Turret shot Young Runner (950) (victor77705) with a the autocannon bullet (<A HREF='?_src_=holder;adminplayerobservecoodjump=1;X=62;Y=52;Z=3'>JMP</a>)
[20:15:06]EMOTE: Young Runner (950)/victor77705 : <B>The Young Runner (950)</B> hisses.
[20:15:15]ATTACK: BlackCrystall/(Goodwin Swabey) attacked victor77705/(Young Runner (950)) with M2132 machete (INTENT: HELP) (DAMTYE: BRUTE)
[20:15:18]ATTACK: BlackCrystall/(Goodwin Swabey) attacked victor77705/(Young Runner (950)) with M2132 machete (INTENT: HELP) (DAMTYE: BRUTE)
[20:15:22]ATTACK: BlackCrystall/(Goodwin Swabey) attacked victor77705/(Young Runner (950)) with M2132 machete (INTENT: HELP) (DAMTYE: BRUTE)
[20:15:22]EMOTE: Goodwin Swabey/BlackCrystall : <B>Goodwin Swabey</B> screams!
[20:15:23]ATTACK: BlackCrystall/(Goodwin Swabey) attacked victor77705/(Young Runner (950)) with M2132 machete (INTENT: HELP) (DAMTYE: BRUTE)
[20:15:25]ATTACK: BlackCrystall/(Goodwin Swabey) attacked victor77705/(Young Runner (950)) with M2132 machete (INTENT: HELP) (DAMTYE: BRUTE)
[20:15:28]ACCESS: Logout: *no key*/(Young Runner (950))
[20:15:28]ACCESS: Login: victor77705/(Young Runner (950)) from 5.139.23.182-2976244093 || BYOND v512
[20:15:34]ADMIN: victor77705 has joined as Young Sentinel (396).
[20:15:34]ACCESS: Logout: *no key*/(Young Runner (950))
[20:15:34]ACCESS: Login: victor77705/(Young Sentinel (396)) from 5.139.23.182-2976244093 || BYOND v512
[20:16:23]ATTACK: BlackCrystall/(Goodwin Swabey) attacked victor77705/(Young Sentinel (396)) with M2132 machete (INTENT: HELP) (DAMTYE: BRUTE)
[20:16:43]ATTACK: BlackCrystall/(Goodwin Swabey) attacked victor77705/(Young Sentinel (396)) with M2132 machete (INTENT: HELP) (DAMTYE: BRUTE)
[20:17:26]ATTACK: BlackCrystall/(Goodwin Swabey) attacked victor77705/(Young Sentinel (396)) with M2132 machete (INTENT: HELP) (DAMTYE: BRUTE)
[20:17:53]ATTACK: UA-577 Gauss Turret shot Young Sentinel (396) (victor77705) with a the autocannon bullet (<A HREF='?_src_=holder;adminplayerobservecoodjump=1;X=51;Y=62;Z=3'>JMP</a>)
[20:17:53]EMOTE: Young Sentinel (396)/victor77705 : <B>The Young Sentinel (396)</B> roars!
[20:17:54]ATTACK: UA-577 Gauss Turret shot Young Sentinel (396) (victor77705) with a the autocannon bullet (<A HREF='?_src_=holder;adminplayerobservecoodjump=1;X=51;Y=62;Z=3'>JMP</a>)
[20:17:54]ATTACK: UA-577 Gauss Turret shot Young Sentinel (396) (victor77705) with a the autocannon bullet (<A HREF='?_src_=holder;adminplayerobservecoodjump=1;X=51;Y=62;Z=3'>JMP</a>)
[20:17:55]ATTACK: UA-577 Gauss Turret shot Young Sentinel (396) (victor77705) with a the autocannon bullet (<A HREF='?_src_=holder;adminplayerobservecoodjump=1;X=51;Y=62;Z=3'>JMP</a>)
[20:17:55]ATTACK: BlackCrystall/(Goodwin Swabey) attacked victor77705/(Young Sentinel (396)) with M2132 machete (INTENT: HELP) (DAMTYE: BRUTE)
[20:17:59]ACCESS: Logout: *no key*/(Young Sentinel (396))
[20:17:59]ACCESS: Login: victor77705/(Young Sentinel (396)) from 5.139.23.182-2976244093 || BYOND v512
[20:18:03]ADMIN: victor77705 has joined as Young Runner (804).
[20:18:03]ACCESS: Logout: *no key*/(Young Sentinel (396))
[20:18:03]ACCESS: Login: victor77705/(Young Runner (804)) from 5.139.23.182-2976244093 || BYOND v512
[20:18:20]ATTACK: BlackCrystall/(Goodwin Swabey) attacked victor77705/(Young Runner (804)) with M2132 machete (INTENT: HELP) (DAMTYE: BRUTE)
[20:18:21]SAY: Mister Wiggles/ : Bark!
[20:18:28]ATTACK: UA-577 Gauss Turret shot Young Runner (804) (victor77705) with a the autocannon bullet (<A HREF='?_src_=holder;adminplayerobservecoodjump=1;X=51;Y=41;Z=3'>JMP</a>)
[20:18:28]ATTACK: UA-577 Gauss Turret shot Young Runner (804) (victor77705) with a the autocannon bullet (<A HREF='?_src_=holder;adminplayerobservecoodjump=1;X=51;Y=41;Z=3'>JMP</a>)
[20:18:28]ATTACK: UA-577 Gauss Turret shot Young Runner (804) (victor77705) with a the autocannon bullet (<A HREF='?_src_=holder;adminplayerobservecoodjump=1;X=51;Y=41;Z=3'>JMP</a>)
[20:18:35]GAME: <a href='?priv_msg=[0x5000002]'>victor77705</a>/(Young Runner (804)) has ghosted.
[20:18:35]ACCESS: Logout: *no key*/(Young Runner (804))
[20:18:35]ACCESS: Login: victor77705/(Young Runner (804)) from 5.139.23.182-2976244093 || BYOND v512
[20:18:36]ATTACK: BlackCrystall/(Goodwin Swabey) attacked *no key*/(Young Runner (804)) with M2132 machete (INTENT: HELP) (DAMTYE: BRUTE)
[20:18:37]ATTACK: BlackCrystall/(Goodwin Swabey) attacked *no key*/(Young Runner (804)) with M2132 machete (INTENT: HELP) (DAMTYE: BRUTE)
[20:18:38]ADMIN: victor77705 has joined as Young Runner (772).
[20:18:38]ACCESS: Logout: *no key*/(Young Runner (804))
[20:18:38]ACCESS: Login: victor77705/(Young Runner (772)) from 5.139.23.182-2976244093 || BYOND v512
[20:19:17]ATTACK: UA-577 Gauss Turret shot Young Runner (772) (victor77705) with a the autocannon bullet (<A HREF='?_src_=holder;adminplayerobservecoodjump=1;X=51;Y=62;Z=3'>JMP</a>)
[20:19:17]EMOTE: Young Runner (772)/victor77705 : <B>The Young Runner (772)</B> roars!
[20:19:17]ATTACK: UA-577 Gauss Turret shot Young Runner (772) (victor77705) with a the autocannon bullet (<A HREF='?_src_=holder;adminplayerobservecoodjump=1;X=51;Y=62;Z=3'>JMP</a>)
[20:19:19]ATTACK: UA-577 Gauss Turret shot Young Runner (772) (victor77705) with a the autocannon bullet (<A HREF='?_src_=holder;adminplayerobservecoodjump=1;X=51;Y=62;Z=3'>JMP</a>)
[20:19:19]ATTACK: UA-577 Gauss Turret shot Young Runner (772) (victor77705) with a the autocannon bullet (<A HREF='?_src_=holder;adminplayerobservecoodjump=1;X=51;Y=62;Z=3'>JMP</a>)
[20:19:23]ACCESS: Logout: *no key*/(Young Runner (772))
[20:19:23]ACCESS: Login: victor77705/(Young Runner (772)) from 5.139.23.182-2976244093 || BYOND v512
[20:19:30]ADMIN: victor77705 has joined as Young Sentinel (837).
[20:19:30]ACCESS: Logout: *no key*/(Young Runner (772))
[20:19:30]ACCESS: Login: victor77705/(Young Sentinel (837)) from 5.139.23.182-2976244093 || BYOND v512
[20:19:35]GAME: <a href='?priv_msg=[0x5000002]'>victor77705</a>/(Young Sentinel (837)) has ghosted.
[20:19:35]ACCESS: Logout: *no key*/(Young Sentinel (837))
[20:19:35]ACCESS: Login: victor77705/(Young Sentinel (837)) from 5.139.23.182-2976244093 || BYOND v512
[20:19:41]ADMIN: victor77705 has joined as Young Runner (733).
[20:19:41]ACCESS: Logout: *no key*/(Young Sentinel (837))
[20:19:41]ACCESS: Login: victor77705/(Young Runner (733)) from 5.139.23.182-2976244093 || BYOND v512
[20:20:29]GAME: Antagonists at round end were...
[20:20:29]GAME: WO_COMs: Goodwin Swabey(BlackCrystall).
[20:20:39]ACCESS: Logout: *no key*/(Goodwin Swabey)
[20:20:39]ACCESS: Login: BlackCrystall/(Goodwin Swabey) from 127.0.0.1-2513525785 || BYOND v512
[20:21:35]ACCESS: Logout: BlackCrystall/(Goodwin Swabey)
[20:21:35]ACCESS: Logout: victor77705/(Young Runner (733))


Starting up. 20:22.03
---------------------
[20:22:03]MISC: Adding game mode traitor (traitor) to configuration.
[20:22:03]MISC: Adding game mode Colonial Marines (Colonial Marines) to configuration.
[20:22:03]MISC: Adding game mode Hunter Games (Hunter Games) to configuration.
[20:22:03]MISC: Adding game mode Ice Colony (Ice Colony) to configuration.
[20:22:03]MISC: Adding game mode Whiskey Outpost (Whiskey Outpost) to configuration.
[20:22:03]MISC: Adding game mode extended (extended) to configuration.
[20:22:03]MISC: Unknown setting in configuration: 'assistant_limit'
[20:22:03]MISC: Unknown setting in configuration: 'assistant_ratio'
[20:22:03]MISC: Unknown setting in configuration: 'station_levels'
[20:22:03]MISC: Unknown setting in configuration: 'admin_levels'
[20:22:03]MISC: Unknown setting in configuration: 'contact_levels'
[20:22:03]MISC: Unknown setting in configuration: 'player_levels'
[20:22:03]MISC: Unknown setting in configuration: 'expected_round_length'
[20:22:03]MISC: Unknown setting in configuration: 'event_delay_lower'
[20:22:03]MISC: Unknown setting in configuration: 'event_delay_upper'
[20:22:03]MISC: Unknown setting in configuration: 'event_custom_start_major'
[20:22:03]MISC: Unknown setting in configuration: 'starlight'
[20:22:03]MISC: Unknown setting in configuration: 'player_reroute_cap'
[20:22:03]MISC: Unknown setting in configuration: 'disable_space_ruins'
[20:22:03]MISC: Unknown setting in configuration: 'feedback_tableprefix'
[20:22:03]MISC: Saved mode is 'Whiskey Outpost'
[20:22:05]ADMIN: Loading jobban_rank
[20:22:05]ADMIN: jobban_keylist was empty
[20:22:05]ADMIN: Loading Banlist
[20:22:05]DEBUG: Rebuilding Master Controller


Starting up. 20:25.18
---------------------
[20:25:18]MISC: Adding game mode traitor (traitor) to configuration.
[20:25:18]MISC: Adding game mode Colonial Marines (Colonial Marines) to configuration.
[20:25:18]MISC: Adding game mode Hunter Games (Hunter Games) to configuration.
[20:25:18]MISC: Adding game mode Ice Colony (Ice Colony) to configuration.
[20:25:18]MISC: Adding game mode Whiskey Outpost (Whiskey Outpost) to configuration.
[20:25:18]MISC: Adding game mode extended (extended) to configuration.
[20:25:19]MISC: Unknown setting in configuration: 'assistant_limit'
[20:25:19]MISC: Unknown setting in configuration: 'assistant_ratio'
[20:25:19]MISC: Unknown setting in configuration: 'station_levels'
[20:25:19]MISC: Unknown setting in configuration: 'admin_levels'
[20:25:19]MISC: Unknown setting in configuration: 'contact_levels'
[20:25:19]MISC: Unknown setting in configuration: 'player_levels'
[20:25:19]MISC: Unknown setting in configuration: 'expected_round_length'
[20:25:19]MISC: Unknown setting in configuration: 'event_delay_lower'
[20:25:19]MISC: Unknown setting in configuration: 'event_delay_upper'
[20:25:19]MISC: Unknown setting in configuration: 'event_custom_start_major'
[20:25:19]MISC: Unknown setting in configuration: 'starlight'
[20:25:19]MISC: Unknown setting in configuration: 'player_reroute_cap'
[20:25:19]MISC: Unknown setting in configuration: 'disable_space_ruins'
[20:25:19]MISC: Unknown setting in configuration: 'feedback_tableprefix'
[20:25:19]MISC: Saved mode is 'Whiskey Outpost'
[20:25:21]ADMIN: Loading jobban_rank
[20:25:21]ADMIN: jobban_keylist was empty
[20:25:21]ADMIN: Loading Banlist
[20:25:21]DEBUG: Rebuilding Master Controller


Starting up. 20:25.54
---------------------
[20:25:54]MISC: Adding game mode traitor (traitor) to configuration.
[20:25:54]MISC: Adding game mode Colonial Marines (Colonial Marines) to configuration.
[20:25:54]MISC: Adding game mode Hunter Games (Hunter Games) to configuration.
[20:25:54]MISC: Adding game mode Ice Colony (Ice Colony) to configuration.
[20:25:54]MISC: Adding game mode Whiskey Outpost (Whiskey Outpost) to configuration.
[20:25:54]MISC: Adding game mode extended (extended) to configuration.
[20:25:54]MISC: Unknown setting in configuration: 'assistant_limit'
[20:25:54]MISC: Unknown setting in configuration: 'assistant_ratio'
[20:25:54]MISC: Unknown setting in configuration: 'station_levels'
[20:25:54]MISC: Unknown setting in configuration: 'admin_levels'
[20:25:54]MISC: Unknown setting in configuration: 'contact_levels'
[20:25:54]MISC: Unknown setting in configuration: 'player_levels'
[20:25:54]MISC: Unknown setting in configuration: 'expected_round_length'
[20:25:54]MISC: Unknown setting in configuration: 'event_delay_lower'
[20:25:54]MISC: Unknown setting in configuration: 'event_delay_upper'
[20:25:54]MISC: Unknown setting in configuration: 'event_custom_start_major'
[20:25:54]MISC: Unknown setting in configuration: 'starlight'
[20:25:54]MISC: Unknown setting in configuration: 'player_reroute_cap'
[20:25:54]MISC: Unknown setting in configuration: 'disable_space_ruins'
[20:25:54]MISC: Unknown setting in configuration: 'feedback_tableprefix'
[20:25:54]MISC: Saved mode is 'Whiskey Outpost'
[20:25:56]ADMIN: Loading jobban_rank
[20:25:56]ADMIN: jobban_keylist was empty
[20:25:56]ADMIN: Loading Banlist
[20:25:56]DEBUG: Rebuilding Master Controller
[20:26:04]ACCESS: Login: BlackCrystall/(BlackCrystall) from 127.0.0.1-2513525785 || BYOND v512
[20:27:30]ACCESS: Login: Victor77705/(Victor77705) from 5.139.23.182-2976244093 || BYOND v512
[20:27:42]VOTE: Gamemode vote started by the server.
[20:27:42]DEBUG: The server has called a gamemode vote
[20:28:42]DEBUG: The server has called a gamemode vote
[20:28:42]VOTE: <b>Vote Result: Hunter Games</b>
[20:29:12]ADMIN: BlackCrystall has started the game.
[20:29:13]ACCESS: Logout: *no key*/(BlackCrystall)
[20:29:13]ACCESS: Login: BlackCrystall/(Goodwin Swabey) from 127.0.0.1-2513525785 || BYOND v512
[20:29:13]ACCESS: Logout: *no key*/(Victor77705)
[20:29:13]ACCESS: Login: Victor77705/(Crush Woodworth) from 5.139.23.182-2976244093 || BYOND v512
[20:29:19]DEBUG: Next event in 25.22 minutes.
[20:30:31]ADMIN: BlackCrystall/(Goodwin Swabey) jumped to Victor77705/(Crush Woodworth)
[20:31:04]ATTACK: Victor77705/(Crush Woodworth) disarmed Goodwin Swabey (blackcrystall)
[20:31:06]ATTACK: Victor77705/(Crush Woodworth) disarmed Goodwin Swabey (blackcrystall)
[20:31:07]ADMIN: BlackCrystall/(Goodwin Swabey) jumped to 122,218,1 in the Power Plant
[20:31:10]ADMIN: BlackCrystall/(Goodwin Swabey) teleported Victor77705/(Crush Woodworth)
[20:31:16]ADMIN: BlackCrystall/(Goodwin Swabey) healed / Rrvived Victor77705/(Crush Woodworth)
[20:31:20]ADMIN: BlackCrystall/(Goodwin Swabey) healed / Rrvived BlackCrystall/(Goodwin Swabey)
[20:31:31]ADMIN: BlackCrystall/(Goodwin Swabey) jumped to 116,212,1 in the Power Plant
[20:31:35]ADMIN: BlackCrystall/(Goodwin Swabey) teleported Victor77705/(Crush Woodworth)
[20:32:06]ADMIN: BlackCrystall/(Goodwin Swabey) jumped to 112,208,1 in the Power Plant
[20:32:10]ADMIN: BlackCrystall/(Goodwin Swabey) jumped to 112,205,1 in the ice colony
[20:32:13]ADMIN: BlackCrystall/(Goodwin Swabey) teleported Victor77705/(Crush Woodworth)
[20:32:17]ATTACK: Crush Woodworth (victor77705) shot Goodwin Swabey (blackcrystall) with a the armor-piercing pistol bullet (<A HREF='?_src_=holder;adminplayerobservecoodjump=1;X=112;Y=197;Z=1'>JMP</a>) (<a href='?priv_msg=[0x300004f]'>PM</a>)
[20:32:22]ATTACK: Crush Woodworth (victor77705) shot Goodwin Swabey (blackcrystall) with a the armor-piercing pistol bullet (<A HREF='?_src_=holder;adminplayerobservecoodjump=1;X=110;Y=197;Z=1'>JMP</a>) (<a href='?priv_msg=[0x300004f]'>PM</a>)
[20:32:25]ADMIN: BlackCrystall/(Goodwin Swabey) healed / Rrvived BlackCrystall/(Goodwin Swabey)
[20:32:38]GAME: Antagonists at round end were...
[20:32:40]ADMIN: BlackCrystall/(Goodwin Swabey) healed / Rrvived Victor77705/(Crush Woodworth)
[20:32:46]ACCESS: Logout: *no key*/(Goodwin Swabey)
[20:32:46]ACCESS: Login: BlackCrystall/(Goodwin Swabey) from 127.0.0.1-2513525785 || BYOND v512
[20:32:46]ATTACK: Crush Woodworth (victor77705) shot Goodwin Swabey (@blackcrystall) with a the armor-piercing pistol bullet (<A HREF='?_src_=holder;adminplayerobservecoodjump=1;X=102;Y=199;Z=1'>JMP</a>) (<a href='?priv_msg=[0x300004f]'>PM</a>)
[20:32:47]ATTACK: Crush Woodworth (victor77705) shot Goodwin Swabey (@blackcrystall) with a the armor-piercing pistol bullet (<A HREF='?_src_=holder;adminplayerobservecoodjump=1;X=102;Y=199;Z=1'>JMP</a>) (<a href='?priv_msg=[0x300004f]'>PM</a>)
[20:32:48]ATTACK: Crush Woodworth (victor77705) shot Goodwin Swabey (@blackcrystall) with a the armor-piercing pistol bullet (<A HREF='?_src_=holder;adminplayerobservecoodjump=1;X=102;Y=199;Z=1'>JMP</a>) (<a href='?priv_msg=[0x300004f]'>PM</a>)
[20:32:51]ATTACK: Crush Woodworth (victor77705) shot Goodwin Swabey (@blackcrystall) with a the armor-piercing pistol bullet (<A HREF='?_src_=holder;adminplayerobservecoodjump=1;X=102;Y=199;Z=1'>JMP</a>) (<a href='?priv_msg=[0x300004f]'>PM</a>)
[20:32:52]ATTACK: Crush Woodworth (victor77705) shot Unknown (@blackcrystall) with a the armor-piercing pistol bullet (<A HREF='?_src_=holder;adminplayerobservecoodjump=1;X=102;Y=199;Z=1'>JMP</a>) (<a href='?priv_msg=[0x300004f]'>PM</a>)
[20:32:53]ATTACK: Crush Woodworth (victor77705) shot Unknown (@blackcrystall) with a the armor-piercing pistol bullet (<A HREF='?_src_=holder;adminplayerobservecoodjump=1;X=102;Y=199;Z=1'>JMP</a>) (<a href='?priv_msg=[0x300004f]'>PM</a>)
[20:32:54]ATTACK: Crush Woodworth (victor77705) shot Unknown (@blackcrystall) with a the armor-piercing pistol bullet (<A HREF='?_src_=holder;adminplayerobservecoodjump=1;X=102;Y=199;Z=1'>JMP</a>) (<a href='?priv_msg=[0x300004f]'>PM</a>)
[20:32:59]ATTACK: Victor77705/(Crush Woodworth) attacked @BlackCrystall/(Goodwin Swabey) with butterfly knife (INTENT: HELP) (DAMTYE: BRUTE)
[20:33:00]ATTACK: Victor77705/(Crush Woodworth) attacked @BlackCrystall/(Goodwin Swabey) with butterfly knife (INTENT: HELP) (DAMTYE: BRUTE)
[20:33:01]ATTACK: Victor77705/(Crush Woodworth) attacked @BlackCrystall/(Goodwin Swabey) with butterfly knife (INTENT: HELP) (DAMTYE: BRUTE)
[20:33:02]ATTACK: Victor77705/(Crush Woodworth) attacked @BlackCrystall/(Goodwin Swabey) with butterfly knife (INTENT: HELP) (DAMTYE: BRUTE)
[20:33:03]ATTACK: Victor77705/(Crush Woodworth) attacked @BlackCrystall/(Goodwin Swabey) with butterfly knife (INTENT: HELP) (DAMTYE: BRUTE)
[20:33:04]ATTACK: Victor77705/(Crush Woodworth) attacked @BlackCrystall/(Goodwin Swabey) with butterfly knife (INTENT: HELP) (DAMTYE: BRUTE)
[20:33:04]ATTACK: Victor77705/(Crush Woodworth) attacked @BlackCrystall/(Goodwin Swabey) with butterfly knife (INTENT: HELP) (DAMTYE: BRUTE)
[20:33:05]ATTACK: Victor77705/(Crush Woodworth) attacked @BlackCrystall/(Goodwin Swabey) with butterfly knife (INTENT: HELP) (DAMTYE: BRUTE)
[20:33:06]ATTACK: Victor77705/(Crush Woodworth) attacked @BlackCrystall/(Goodwin Swabey) with butterfly knife (INTENT: HELP) (DAMTYE: BRUTE)
[20:33:07]ATTACK: Victor77705/(Crush Woodworth) attacked @BlackCrystall/(Goodwin Swabey) with butterfly knife (INTENT: HELP) (DAMTYE: BRUTE)
[20:33:43]ACCESS: Logout: BlackCrystall/(Goodwin Swabey)
[20:33:43]ACCESS: Logout: Victor77705/(Crush Woodworth)


Starting up. 20:34.00
---------------------
[20:34:00]MISC: Adding game mode traitor (traitor) to configuration.
[20:34:00]MISC: Adding game mode Colonial Marines (Colonial Marines) to configuration.
[20:34:00]MISC: Adding game mode Hunter Games (Hunter Games) to configuration.
[20:34:00]MISC: Adding game mode Ice Colony (Ice Colony) to configuration.
[20:34:00]MISC: Adding game mode Whiskey Outpost (Whiskey Outpost) to configuration.
[20:34:00]MISC: Adding game mode extended (extended) to configuration.
[20:34:00]MISC: Unknown setting in configuration: 'assistant_limit'
[20:34:00]MISC: Unknown setting in configuration: 'assistant_ratio'
[20:34:00]MISC: Unknown setting in configuration: 'station_levels'
[20:34:00]MISC: Unknown setting in configuration: 'admin_levels'
[20:34:00]MISC: Unknown setting in configuration: 'contact_levels'
[20:34:00]MISC: Unknown setting in configuration: 'player_levels'
[20:34:00]MISC: Unknown setting in configuration: 'expected_round_length'
[20:34:00]MISC: Unknown setting in configuration: 'event_delay_lower'
[20:34:00]MISC: Unknown setting in configuration: 'event_delay_upper'
[20:34:00]MISC: Unknown setting in configuration: 'event_custom_start_major'
[20:34:00]MISC: Unknown setting in configuration: 'starlight'
[20:34:00]MISC: Unknown setting in configuration: 'player_reroute_cap'
[20:34:00]MISC: Unknown setting in configuration: 'disable_space_ruins'
[20:34:00]MISC: Unknown setting in configuration: 'feedback_tableprefix'
[20:34:00]MISC: Saved mode is 'Hunter Games'
[20:34:02]ADMIN: Loading jobban_rank
[20:34:02]ADMIN: jobban_keylist was empty
[20:34:02]ADMIN: Loading Banlist
[20:34:02]DEBUG: Rebuilding Master Controller
[20:34:47]ACCESS: Login: BlackCrystall/(BlackCrystall) from 127.0.0.1-2513525785 || BYOND v512
[20:35:32]ACCESS: Login: Victor77705/(Victor77705) from 5.139.23.182-2976244093 || BYOND v512
[20:35:47]VOTE: Gamemode vote started by the server.
[20:35:47]DEBUG: The server has called a gamemode vote
[20:36:47]DEBUG: The server has called a gamemode vote
[20:36:47]VOTE: <b>Vote Result: Hunter Games</b>
[20:38:07]ACCESS: Logout: *no key*/(BlackCrystall)
[20:38:07]ACCESS: Login: BlackCrystall/(Goodwin Swabey) from 127.0.0.1-2513525785 || BYOND v512
[20:38:07]ACCESS: Logout: *no key*/(Victor77705)
[20:38:07]ACCESS: Login: Victor77705/(Simon Lucy) from 5.139.23.182-2976244093 || BYOND v512
[20:38:13]DEBUG: Next event in 30.642 minutes.
[20:40:41]ADMIN: BlackCrystall/(Goodwin Swabey) jumped to 137,113,2 in the Hydroponics
[20:40:43]SAY: Mister Wiggles/ : Woof!
[20:42:46]ADMIN: BlackCrystall/(Goodwin Swabey) jumped to 113,55,2 in the Communications Relay
[20:44:59]ADMIN: BlackCrystall/(Goodwin Swabey) jumped to 90,151,2 in the Western Caves
[20:47:04]ACCESS: Login: Dominator77705/(Dominator77705) from 5.139.23.182-2976244093 || BYOND v512
[20:47:04]ACCESS: Notice: Dominator77705/(Dominator77705) has the same IP (5.139.23.182) and ID (2976244093) as Victor77705/(Simon Lucy).
[20:47:18]ACCESS: Logout: *no key*/(Dominator77705)
[20:47:18]ACCESS: Login: Dominator77705/(Logan Zaun) from 5.139.23.182-2976244093 || BYOND v512
[20:47:18]ACCESS: Notice: Dominator77705/(Logan Zaun) has the same IP (5.139.23.182) and ID (2976244093) as Victor77705/(Simon Lucy).
[20:47:43]ATTACK: Unknown (blackcrystall) primed a frag grenade (<A HREF='?_src_=holder;adminplayerobservecoodjump=1;X=162;Y=175;Z=2'>JMP</a>)
[20:47:47]GAME: Explosion with size (-1, -1, 2) in area North Eastern Barrens 
[20:47:52]SAY: mouse (707)/ : Squeek?
[20:49:39]GAME: Victor77705/(Simon Lucy) opened fueltank at Garage (106,190,1), leaking fuel.
[20:50:08]ADMIN: BlackCrystall/(Goodwin Swabey) jumped to Victor77705/(Simon Lucy)
[20:52:34]ACCESS: Logout: Dominator77705/(Logan Zaun)
[20:52:57]ADMIN: BlackCrystall/(Goodwin Swabey) jumped to 37,48,1 in the Anomaly Storage Elevator Foyer
[20:52:59]GAME: Victor77705/(Simon Lucy) shot fueltank at ice colony (95,181,1).
[20:52:59]GAME: Explosion with size (0, 0, 3) in area ice colony 
[20:53:08]ADMIN: BlackCrystall/(Goodwin Swabey) jumped to 37,44,1 in the Anomaly Storage Elevator Foyer
[20:53:27]ADMIN: BlackCrystall/(Goodwin Swabey) jumped to 42,41,1 in the Anomaly Storage IV
[20:53:40]ATTACK: Unknown (blackcrystall) primed a frag grenade (<A HREF='?_src_=holder;adminplayerobservecoodjump=1;X=48;Y=42;Z=1'>JMP</a>)
[20:53:44]GAME: Explosion with size (-1, -1, 2) in area Anomaly Storage IV 
[20:54:01]ATTACK: Unknown (blackcrystall) primed a frag grenade (<A HREF='?_src_=holder;adminplayerobservecoodjump=1;X=48;Y=43;Z=1'>JMP</a>)
[20:54:05]GAME: Explosion with size (-1, -1, 2) in area Anomaly Storage IV 
[20:54:26]ADMIN: BlackCrystall/(Goodwin Swabey) spawned /obj/item/weapon/grenade/explosive/PMC at (48,42,1)
[20:54:30]ATTACK: Unknown (blackcrystall) primed a frag grenade (<A HREF='?_src_=holder;adminplayerobservecoodjump=1;X=48;Y=42;Z=1'>JMP</a>)
[20:54:34]GAME: Explosion with size (-1, -1, 3) in area Anomaly Storage IV 
[20:54:43]ADMIN: BlackCrystall/(Goodwin Swabey) spawned /obj/item/weapon/grenade/explosive/PMC at (47,42,1)
[20:54:45]ATTACK: Unknown (blackcrystall) primed a frag grenade (<A HREF='?_src_=holder;adminplayerobservecoodjump=1;X=45;Y=42;Z=1'>JMP</a>)
[20:54:49]GAME: Explosion with size (-1, -1, 3) in area Anomaly Storage IV 
[20:55:00]ADMIN: BlackCrystall/(Goodwin Swabey) spawned /obj/item/weapon/grenade/explosive/PMC at (47,41,1)
[20:55:02]ATTACK: Unknown (blackcrystall) primed a frag grenade (<A HREF='?_src_=holder;adminplayerobservecoodjump=1;X=48;Y=41;Z=1'>JMP</a>)
[20:55:06]GAME: Explosion with size (-1, -1, 3) in area Anomaly Storage IV 
[20:55:15]ADMIN: BlackCrystall/(Goodwin Swabey) jumped to 46,38,1 in the Anomaly Storage III
[20:55:20]ADMIN: BlackCrystall/(Goodwin Swabey) jumped to 46,38,1 in the Anomaly Storage III
[20:55:23]ADMIN: BlackCrystall/(Goodwin Swabey) jumped to 42,40,1 in the Anomaly Storage IV
[20:55:30]ADMIN: BlackCrystall/(Goodwin Swabey) jumped to 33,41,1 in the Anomaly Storage I
[20:55:39]ATTACK: Simon Lucy (victor77705) shot the monkey (335) () with a the rifle bullet (<A HREF='?_src_=holder;adminplayerobservecoodjump=1;X=106;Y=35;Z=1'>JMP</a>)
[20:55:40]ATTACK: Simon Lucy (victor77705) shot the monkey (335) () with a the rifle bullet (<A HREF='?_src_=holder;adminplayerobservecoodjump=1;X=106;Y=35;Z=1'>JMP</a>)
[20:55:41]ATTACK: Simon Lucy (victor77705) shot the monkey (335) () with a the rifle bullet (<A HREF='?_src_=holder;adminplayerobservecoodjump=1;X=106;Y=35;Z=1'>JMP</a>)
[20:56:04]ADMIN: BlackCrystall/(Goodwin Swabey) spawned /obj/machinery/computer3/card/centcom at (30,31,1)
[20:56:10]ADMIN: BlackCrystall/(Goodwin Swabey) deleted CentCom identification console computer at (30,31,1) (<A HREF='?_src_=holder;adminplayerobservejump=[0x3000074]'>JMP</A>)
[20:56:31]ADMIN: BlackCrystall/(Goodwin Swabey) spawned /obj/item/weapon/card/id/centcom at (30,32,1)
[20:56:37]ADMIN: BlackCrystall/(Goodwin Swabey) deleted the CentCom. ID at (0,0,0) (<A HREF='?_src_=holder;adminplayerobservejump=[0x3000074]'>JMP</A>)
[20:56:47]ADMIN: BlackCrystall/(Goodwin Swabey) spawned /obj/item/weapon/card/id/captains_spare at (30,31,1)
[20:56:53]ADMIN: BlackCrystall/(Goodwin Swabey) deleted the captain's spare ID at (0,0,0) (<A HREF='?_src_=holder;adminplayerobservejump=[0x3000074]'>JMP</A>)
[20:57:14]ADMIN: BlackCrystall/(Goodwin Swabey) jumped to 33,40,1 in the Anomaly Storage I
[20:57:20]ADMIN: BlackCrystall/(Goodwin Swabey) jumped to 37,44,1 in the Anomaly Storage Elevator Foyer
[20:57:24]ADMIN: BlackCrystall/(Goodwin Swabey) jumped to 37,48,1 in the Anomaly Storage Elevator Foyer
[20:59:51]ADMIN: BlackCrystall/(Goodwin Swabey) deleted the sample storage door at (47,70,1) (<A HREF='?_src_=holder;adminplayerobservejump=[0x3000074]'>JMP</A>)
[20:59:53]ATTACK: Simon Lucy (victor77705) shot the monkey (976) () with a the rifle bullet (<A HREF='?_src_=holder;adminplayerobservecoodjump=1;X=100;Y=55;Z=1'>JMP</a>)
[20:59:54]ATTACK: Simon Lucy (victor77705) shot the monkey (976) () with a the rifle bullet (<A HREF='?_src_=holder;adminplayerobservecoodjump=1;X=100;Y=55;Z=1'>JMP</a>)
[20:59:55]ATTACK: Simon Lucy (victor77705) shot the monkey (976) () with a the rifle bullet (<A HREF='?_src_=holder;adminplayerobservecoodjump=1;X=100;Y=55;Z=1'>JMP</a>)
[20:59:56]ATTACK: Simon Lucy (victor77705) shot the monkey (976) () with a the rifle bullet (<A HREF='?_src_=holder;adminplayerobservecoodjump=1;X=100;Y=55;Z=1'>JMP</a>)
[20:59:57]ATTACK: Simon Lucy (victor77705) shot the monkey (976) () with a the rifle bullet (<A HREF='?_src_=holder;adminplayerobservecoodjump=1;X=100;Y=55;Z=1'>JMP</a>)
[21:00:09]ATTACK: Simon Lucy (victor77705) primed a frag grenade (<A HREF='?_src_=holder;adminplayerobservecoodjump=1;X=101;Y=53;Z=1'>JMP</a>)
[21:00:13]GAME: Explosion with size (-1, -1, 2) in area Maintenance Storage 
[21:00:20]ATTACK: Victor77705/(Simon Lucy) attacked *no key*/(monkey (668)) with M41AE2 heavy pulse rifle (Wielded) (INTENT: HELP) (DAMTYE: BRUTE)
[21:00:21]ATTACK: Victor77705/(Simon Lucy) attacked *no key*/(monkey (668)) with M41AE2 heavy pulse rifle (Wielded) (INTENT: HELP) (DAMTYE: BRUTE)
[21:00:26]ATTACK: Simon Lucy (victor77705) shot the monkey (677) () with a the rifle bullet (<A HREF='?_src_=holder;adminplayerobservecoodjump=1;X=99;Y=49;Z=1'>JMP</a>)
[21:00:34]OOC: Unknown/BlackCrystall :       ?
[21:00:46]OOC: Simon Lucy/Victor77705 : 
[21:00:53]ATTACK: BlackCrystall/(Goodwin Swabey) attacked BlackCrystall/(Goodwin Swabey) with sample jar (INTENT: HELP) (DAMTYE: BRUTE)
[21:01:08]ADMIN: BlackCrystall/(Goodwin Swabey) deleted the sample storage door at (55,67,1) (<A HREF='?_src_=holder;adminplayerobservejump=[0x3000074]'>JMP</A>)
[21:01:36]ADMIN: BlackCrystall/(Goodwin Swabey) jumped to 52,67,1 in the Xenobiology Lab
[21:01:43]ADMIN: BlackCrystall/(Goodwin Swabey) jumped to 52,67,1 in the Xenobiology Lab
[21:01:52]GAME: Antagonists at round end were...
[21:01:52]ACCESS: Logout: *no key*/(Simon Lucy)
[21:01:52]ACCESS: Login: Victor77705/(Simon Lucy) from 5.139.23.182-2976244093 || BYOND v512
[21:02:49]GAME: Explosion with size (-1, 1, 3) in area Research 
[21:02:57]ACCESS: Logout: BlackCrystall/(Goodwin Swabey)
[21:02:57]ACCESS: Logout: Victor77705/(Simon Lucy)


Starting up. 21:03.12
---------------------
[21:03:12]MISC: Adding game mode traitor (traitor) to configuration.
[21:03:12]MISC: Adding game mode Colonial Marines (Colonial Marines) to configuration.
[21:03:12]MISC: Adding game mode Hunter Games (Hunter Games) to configuration.
[21:03:12]MISC: Adding game mode Ice Colony (Ice Colony) to configuration.
[21:03:12]MISC: Adding game mode Whiskey Outpost (Whiskey Outpost) to configuration.
[21:03:12]MISC: Adding game mode extended (extended) to configuration.
[21:03:12]MISC: Unknown setting in configuration: 'assistant_limit'
[21:03:12]MISC: Unknown setting in configuration: 'assistant_ratio'
[21:03:12]MISC: Unknown setting in configuration: 'station_levels'
[21:03:12]MISC: Unknown setting in configuration: 'admin_levels'
[21:03:12]MISC: Unknown setting in configuration: 'contact_levels'
[21:03:12]MISC: Unknown setting in configuration: 'player_levels'
[21:03:12]MISC: Unknown setting in configuration: 'expected_round_length'
[21:03:12]MISC: Unknown setting in configuration: 'event_delay_lower'
[21:03:12]MISC: Unknown setting in configuration: 'event_delay_upper'
[21:03:12]MISC: Unknown setting in configuration: 'event_custom_start_major'
[21:03:12]MISC: Unknown setting in configuration: 'starlight'
[21:03:12]MISC: Unknown setting in configuration: 'player_reroute_cap'
[21:03:12]MISC: Unknown setting in configuration: 'disable_space_ruins'
[21:03:12]MISC: Unknown setting in configuration: 'feedback_tableprefix'
[21:03:12]MISC: Saved mode is 'Hunter Games'
[21:03:13]ADMIN: Loading jobban_rank
[21:03:13]ADMIN: jobban_keylist was empty
[21:03:13]ADMIN: Loading Banlist
[21:03:14]DEBUG: Rebuilding Master Controller


Starting up. 21:06.59
---------------------
[21:06:59]MISC: Adding game mode traitor (traitor) to configuration.
[21:06:59]MISC: Adding game mode Colonial Marines (Colonial Marines) to configuration.
[21:06:59]MISC: Adding game mode Hunter Games (Hunter Games) to configuration.
[21:06:59]MISC: Adding game mode Ice Colony (Ice Colony) to configuration.
[21:06:59]MISC: Adding game mode Whiskey Outpost (Whiskey Outpost) to configuration.
[21:06:59]MISC: Adding game mode extended (extended) to configuration.
[21:06:59]MISC: Unknown setting in configuration: 'assistant_limit'
[21:06:59]MISC: Unknown setting in configuration: 'assistant_ratio'
[21:06:59]MISC: Unknown setting in configuration: 'station_levels'
[21:06:59]MISC: Unknown setting in configuration: 'admin_levels'
[21:06:59]MISC: Unknown setting in configuration: 'contact_levels'
[21:06:59]MISC: Unknown setting in configuration: 'player_levels'
[21:06:59]MISC: Unknown setting in configuration: 'expected_round_length'
[21:06:59]MISC: Unknown setting in configuration: 'event_delay_lower'
[21:06:59]MISC: Unknown setting in configuration: 'event_delay_upper'
[21:06:59]MISC: Unknown setting in configuration: 'event_custom_start_major'
[21:06:59]MISC: Unknown setting in configuration: 'starlight'
[21:06:59]MISC: Unknown setting in configuration: 'player_reroute_cap'
[21:06:59]MISC: Unknown setting in configuration: 'disable_space_ruins'
[21:06:59]MISC: Unknown setting in configuration: 'feedback_tableprefix'
[21:06:59]MISC: Saved mode is 'Hunter Games'
[21:07:00]ADMIN: Loading jobban_rank
[21:07:00]ADMIN: jobban_keylist was empty
[21:07:00]ADMIN: Loading Banlist
[21:07:00]DEBUG: Rebuilding Master Controller
[21:07:21]ACCESS: Login: BlackCrystall/(BlackCrystall) from 127.0.0.1-2513525785 || BYOND v512
[21:08:46]VOTE: Gamemode vote started by the server.
[21:08:46]DEBUG: The server has called a gamemode vote
[21:09:05]DEBUG: The server has called a gamemode vote
[21:09:06]DEBUG: The server has called a gamemode vote
[21:09:07]DEBUG: The server has called a gamemode vote
[21:09:08]DEBUG: The server has called a gamemode vote
[21:09:08]DEBUG: The server has called a gamemode vote
[21:09:09]DEBUG: The server has called a gamemode vote
[21:09:10]DEBUG: The server has called a gamemode vote
[21:09:11]DEBUG: The server has called a gamemode vote
[21:09:12]DEBUG: The server has called a gamemode vote
[21:09:12]DEBUG: The server has called a gamemode vote
[21:09:13]DEBUG: The server has called a gamemode vote
[21:09:14]DEBUG: The server has called a gamemode vote
[21:09:15]DEBUG: The server has called a gamemode vote
[21:09:16]DEBUG: The server has called a gamemode vote
[21:09:16]DEBUG: The server has called a gamemode vote
[21:09:17]DEBUG: The server has called a gamemode vote
[21:09:18]DEBUG: The server has called a gamemode vote
[21:09:19]DEBUG: The server has called a gamemode vote
[21:09:20]DEBUG: The server has called a gamemode vote
[21:09:20]DEBUG: The server has called a gamemode vote
[21:09:21]DEBUG: The server has called a gamemode vote
[21:09:22]DEBUG: The server has called a gamemode vote
[21:09:23]DEBUG: The server has called a gamemode vote
[21:09:24]DEBUG: The server has called a gamemode vote
[21:09:24]DEBUG: The server has called a gamemode vote
[21:09:25]DEBUG: The server has called a gamemode vote
[21:09:26]DEBUG: The server has called a gamemode vote
[21:09:27]DEBUG: The server has called a gamemode vote
[21:09:28]DEBUG: The server has called a gamemode vote
[21:09:28]DEBUG: The server has called a gamemode vote
[21:09:29]DEBUG: The server has called a gamemode vote
[21:09:30]DEBUG: The server has called a gamemode vote
[21:09:31]DEBUG: The server has called a gamemode vote
[21:09:32]DEBUG: The server has called a gamemode vote
[21:09:32]DEBUG: The server has called a gamemode vote
[21:09:33]DEBUG: The server has called a gamemode vote
[21:09:34]DEBUG: The server has called a gamemode vote
[21:09:35]DEBUG: The server has called a gamemode vote
[21:09:36]DEBUG: The server has called a gamemode vote
[21:09:36]DEBUG: The server has called a gamemode vote
[21:09:37]DEBUG: The server has called a gamemode vote
[21:09:38]DEBUG: The server has called a gamemode vote
[21:09:39]DEBUG: The server has called a gamemode vote
[21:09:40]DEBUG: The server has called a gamemode vote
[21:09:40]DEBUG: The server has called a gamemode vote
[21:09:41]DEBUG: The server has called a gamemode vote
[21:09:42]DEBUG: The server has called a gamemode vote
[21:09:43]DEBUG: The server has called a gamemode vote
[21:09:44]DEBUG: The server has called a gamemode vote
[21:09:44]DEBUG: The server has called a gamemode vote
[21:09:45]DEBUG: The server has called a gamemode vote
[21:09:46]DEBUG: The server has called a gamemode vote
[21:09:47]DEBUG: The server has called a gamemode vote
[21:09:48]DEBUG: The server has called a gamemode vote
[21:09:48]DEBUG: The server has called a gamemode vote
[21:09:49]DEBUG: The server has called a gamemode vote
[21:09:50]DEBUG: The server has called a gamemode vote
[21:09:51]DEBUG: The server has called a gamemode vote
[21:09:52]DEBUG: The server has called a gamemode vote
[21:09:52]DEBUG: The server has called a gamemode vote
[21:09:53]DEBUG: The server has called a gamemode vote
[21:09:54]DEBUG: The server has called a gamemode vote
[21:09:55]DEBUG: The server has called a gamemode vote
[21:09:56]DEBUG: The server has called a gamemode vote
[21:09:56]DEBUG: The server has called a gamemode vote
[21:09:57]DEBUG: The server has called a gamemode vote
[21:09:58]DEBUG: The server has called a gamemode vote
[21:09:59]DEBUG: The server has called a gamemode vote
[21:10:00]DEBUG: The server has called a gamemode vote
[21:10:00]DEBUG: The server has called a gamemode vote
[21:10:01]DEBUG: The server has called a gamemode vote
[21:10:02]DEBUG: The server has called a gamemode vote
[21:10:03]DEBUG: The server has called a gamemode vote
[21:10:04]DEBUG: The server has called a gamemode vote
[21:10:04]DEBUG: The server has called a gamemode vote
[21:10:05]DEBUG: The server has called a gamemode vote
[21:10:06]DEBUG: The server has called a gamemode vote
[21:10:07]DEBUG: The server has called a gamemode vote
[21:10:08]DEBUG: The server has called a gamemode vote
[21:10:08]DEBUG: The server has called a gamemode vote
[21:10:09]DEBUG: The server has called a gamemode vote
[21:10:10]DEBUG: The server has called a gamemode vote
[21:10:11]DEBUG: The server has called a gamemode vote
[21:10:12]DEBUG: The server has called a gamemode vote
[21:10:12]DEBUG: The server has called a gamemode vote
[21:10:13]DEBUG: The server has called a gamemode vote
[21:10:14]DEBUG: The server has called a gamemode vote
[21:10:15]DEBUG: The server has called a gamemode vote
[21:10:16]DEBUG: The server has called a gamemode vote
[21:10:16]DEBUG: The server has called a gamemode vote
[21:10:17]DEBUG: The server has called a gamemode vote
[21:10:18]DEBUG: The server has called a gamemode vote
[21:10:19]DEBUG: The server has called a gamemode vote
[21:10:20]DEBUG: The server has called a gamemode vote
[21:10:20]DEBUG: The server has called a gamemode vote
[21:10:21]DEBUG: The server has called a gamemode vote
[21:10:22]DEBUG: The server has called a gamemode vote
[21:10:23]DEBUG: The server has called a gamemode vote
[21:10:24]DEBUG: The server has called a gamemode vote
[21:10:24]DEBUG: The server has called a gamemode vote
[21:10:25]ACCESS: Login: Dominator77705/(Dominator77705) from 5.139.23.182-2976244093 || BYOND v512
[21:10:25]DEBUG: The server has called a gamemode vote
[21:10:26]DEBUG: The server has called a gamemode vote
[21:10:27]DEBUG: The server has called a gamemode vote
[21:10:28]DEBUG: The server has called a gamemode vote
[21:10:28]DEBUG: The server has called a gamemode vote
[21:10:29]DEBUG: The server has called a gamemode vote
[21:10:30]DEBUG: The server has called a gamemode vote
[21:10:31]DEBUG: The server has called a gamemode vote
[21:10:32]DEBUG: The server has called a gamemode vote
[21:10:32]DEBUG: The server has called a gamemode vote
[21:10:33]DEBUG: The server has called a gamemode vote
[21:10:34]DEBUG: The server has called a gamemode vote
[21:10:35]DEBUG: The server has called a gamemode vote
[21:10:36]DEBUG: The server has called a gamemode vote
[21:10:36]DEBUG: The server has called a gamemode vote
[21:10:37]DEBUG: The server has called a gamemode vote
[21:10:38]DEBUG: The server has called a gamemode vote
[21:10:39]DEBUG: The server has called a gamemode vote
[21:10:40]DEBUG: The server has called a gamemode vote
[21:10:40]DEBUG: The server has called a gamemode vote
[21:10:41]DEBUG: The server has called a gamemode vote
[21:10:42]DEBUG: The server has called a gamemode vote
[21:10:43]DEBUG: The server has called a gamemode vote
[21:10:44]DEBUG: The server has called a gamemode vote
[21:10:44]DEBUG: The server has called a gamemode vote
[21:10:45]DEBUG: The server has called a gamemode vote
[21:10:46]DEBUG: The server has called a gamemode vote
[21:10:47]DEBUG: The server has called a gamemode vote
[21:10:48]DEBUG: The server has called a gamemode vote
[21:10:48]DEBUG: The server has called a gamemode vote
[21:10:49]DEBUG: The server has called a gamemode vote
[21:10:50]DEBUG: The server has called a gamemode vote
[21:10:51]DEBUG: The server has called a gamemode vote
[21:10:52]DEBUG: The server has called a gamemode vote
[21:10:52]DEBUG: The server has called a gamemode vote
[21:10:53]DEBUG: The server has called a gamemode vote
[21:10:54]DEBUG: The server has called a gamemode vote
[21:10:55]DEBUG: The server has called a gamemode vote
[21:10:56]DEBUG: The server has called a gamemode vote
[21:10:56]DEBUG: The server has called a gamemode vote
[21:10:57]DEBUG: The server has called a gamemode vote
[21:10:58]DEBUG: The server has called a gamemode vote
[21:10:59]DEBUG: The server has called a gamemode vote
[21:11:00]DEBUG: The server has called a gamemode vote
[21:11:00]DEBUG: The server has called a gamemode vote
[21:11:01]DEBUG: The server has called a gamemode vote
[21:11:02]DEBUG: The server has called a gamemode vote
[21:11:03]DEBUG: The server has called a gamemode vote
[21:11:04]DEBUG: The server has called a gamemode vote
[21:11:04]DEBUG: The server has called a gamemode vote
[21:11:05]DEBUG: The server has called a gamemode vote
[21:11:06]DEBUG: The server has called a gamemode vote
[21:11:07]DEBUG: The server has called a gamemode vote
[21:11:08]DEBUG: The server has called a gamemode vote
[21:11:08]DEBUG: The server has called a gamemode vote
[21:11:09]DEBUG: The server has called a gamemode vote
[21:11:10]DEBUG: The server has called a gamemode vote
[21:11:11]DEBUG: The server has called a gamemode vote
[21:11:12]DEBUG: The server has called a gamemode vote
[21:11:12]DEBUG: The server has called a gamemode vote
[21:11:13]DEBUG: The server has called a gamemode vote
[21:11:14]DEBUG: The server has called a gamemode vote
[21:11:15]DEBUG: The server has called a gamemode vote
[21:11:16]DEBUG: The server has called a gamemode vote
[21:11:16]DEBUG: The server has called a gamemode vote
[21:11:17]DEBUG: The server has called a gamemode vote
[21:11:18]DEBUG: The server has called a gamemode vote
[21:11:19]DEBUG: The server has called a gamemode vote
[21:11:20]DEBUG: The server has called a gamemode vote
[21:11:20]DEBUG: The server has called a gamemode vote
[21:11:21]DEBUG: The server has called a gamemode vote
[21:11:22]DEBUG: The server has called a gamemode vote
[21:11:23]DEBUG: The server has called a gamemode vote
[21:11:24]DEBUG: The server has called a gamemode vote
[21:11:24]DEBUG: The server has called a gamemode vote
[21:11:25]DEBUG: The server has called a gamemode vote
[21:11:26]DEBUG: The server has called a gamemode vote
[21:11:27]DEBUG: The server has called a gamemode vote
[21:11:28]DEBUG: The server has called a gamemode vote
[21:11:28]DEBUG: The server has called a gamemode vote
[21:11:29]DEBUG: The server has called a gamemode vote
[21:11:30]DEBUG: The server has called a gamemode vote
[21:11:31]DEBUG: The server has called a gamemode vote
[21:11:32]DEBUG: The server has called a gamemode vote
[21:11:32]DEBUG: The server has called a gamemode vote
[21:11:33]DEBUG: The server has called a gamemode vote
[21:11:34]DEBUG: The server has called a gamemode vote
[21:11:35]DEBUG: The server has called a gamemode vote
[21:11:36]DEBUG: The server has called a gamemode vote
[21:11:36]DEBUG: The server has called a gamemode vote
[21:11:37]DEBUG: The server has called a gamemode vote
[21:11:38]DEBUG: The server has called a gamemode vote
[21:11:39]DEBUG: The server has called a gamemode vote
[21:11:40]DEBUG: The server has called a gamemode vote
[21:11:40]DEBUG: The server has called a gamemode vote
[21:11:41]DEBUG: The server has called a gamemode vote
[21:11:42]DEBUG: The server has called a gamemode vote
[21:11:43]DEBUG: The server has called a gamemode vote
[21:11:44]DEBUG: The server has called a gamemode vote
[21:11:44]DEBUG: The server has called a gamemode vote
[21:11:45]DEBUG: The server has called a gamemode vote
[21:11:46]DEBUG: The server has called a gamemode vote
[21:11:47]DEBUG: The server has called a gamemode vote
[21:11:48]DEBUG: The server has called a gamemode vote
[21:11:48]DEBUG: The server has called a gamemode vote
[21:11:49]DEBUG: The server has called a gamemode vote
[21:11:50]DEBUG: The server has called a gamemode vote
[21:11:51]DEBUG: The server has called a gamemode vote
[21:11:52]DEBUG: The server has called a gamemode vote
[21:11:52]DEBUG: The server has called a gamemode vote
[21:11:53]DEBUG: The server has called a gamemode vote
[21:11:54]DEBUG: The server has called a gamemode vote
[21:11:55]DEBUG: The server has called a gamemode vote
[21:11:56]DEBUG: The server has called a gamemode vote
[21:11:56]DEBUG: The server has called a gamemode vote
[21:11:57]DEBUG: The server has called a gamemode vote
[21:11:58]DEBUG: The server has called a gamemode vote
[21:11:59]DEBUG: The server has called a gamemode vote
[21:12:00]DEBUG: The server has called a gamemode vote
[21:12:00]DEBUG: The server has called a gamemode vote
[21:12:01]DEBUG: The server has called a gamemode vote
[21:12:02]DEBUG: The server has called a gamemode vote
[21:12:03]DEBUG: The server has called a gamemode vote
[21:12:04]DEBUG: The server has called a gamemode vote
[21:12:04]DEBUG: The server has called a gamemode vote
[21:12:05]DEBUG: The server has called a gamemode vote
[21:12:06]DEBUG: The server has called a gamemode vote
[21:12:07]DEBUG: The server has called a gamemode vote
[21:12:08]DEBUG: The server has called a gamemode vote
[21:12:08]DEBUG: The server has called a gamemode vote
[21:12:09]DEBUG: The server has called a gamemode vote
[21:12:10]DEBUG: The server has called a gamemode vote
[21:12:11]DEBUG: The server has called a gamemode vote
[21:12:12]DEBUG: The server has called a gamemode vote
[21:12:12]DEBUG: The server has called a gamemode vote
[21:12:13]DEBUG: The server has called a gamemode vote
[21:12:14]DEBUG: The server has called a gamemode vote
[21:12:15]DEBUG: The server has called a gamemode vote
[21:12:16]DEBUG: The server has called a gamemode vote
[21:12:16]DEBUG: The server has called a gamemode vote
[21:12:17]DEBUG: The server has called a gamemode vote
[21:12:18]DEBUG: The server has called a gamemode vote
[21:12:19]DEBUG: The server has called a gamemode vote
[21:12:20]DEBUG: The server has called a gamemode vote
[21:12:20]DEBUG: The server has called a gamemode vote
[21:12:21]DEBUG: The server has called a gamemode vote
[21:12:22]DEBUG: The server has called a gamemode vote
[21:12:23]DEBUG: The server has called a gamemode vote
[21:12:24]DEBUG: The server has called a gamemode vote
[21:12:24]DEBUG: The server has called a gamemode vote
[21:12:25]DEBUG: The server has called a gamemode vote
[21:12:26]DEBUG: The server has called a gamemode vote
[21:12:27]DEBUG: The server has called a gamemode vote
[21:12:28]DEBUG: The server has called a gamemode vote
[21:12:28]DEBUG: The server has called a gamemode vote
[21:12:29]DEBUG: The server has called a gamemode vote
[21:12:30]DEBUG: The server has called a gamemode vote
[21:12:31]DEBUG: The server has called a gamemode vote
[21:12:32]DEBUG: The server has called a gamemode vote
[21:12:32]DEBUG: The server has called a gamemode vote
[21:12:33]DEBUG: The server has called a gamemode vote
[21:12:34]DEBUG: The server has called a gamemode vote
[21:12:35]DEBUG: The server has called a gamemode vote
[21:12:35]ADMIN: BlackCrystall/(BlackCrystall) set the mode as Hunter Games.
[21:12:36]DEBUG: The server has called a gamemode vote
[21:12:36]DEBUG: The server has called a gamemode vote
[21:12:37]DEBUG: The server has called a gamemode vote
[21:12:38]DEBUG: The server has called a gamemode vote
[21:12:39]DEBUG: The server has called a gamemode vote
[21:12:40]DEBUG: The server has called a gamemode vote
[21:12:40]ADMIN: BlackCrystall has started the game.
[21:12:40]DEBUG: The server has called a gamemode vote
[21:12:40]ACCESS: Logout: *no key*/(BlackCrystall)
[21:12:40]ACCESS: Login: BlackCrystall/(Goodwin Swabey) from 127.0.0.1-2513525785 || BYOND v512
[21:12:40]ACCESS: Logout: *no key*/(Dominator77705)
[21:12:40]ACCESS: Login: Dominator77705/(Madelyn Braun) from 5.139.23.182-2976244093 || BYOND v512
[21:12:46]DEBUG: Next event in 47.186 minutes.
[21:13:07]ADMIN: BlackCrystall/(Goodwin Swabey) teleported Dominator77705/(Madelyn Braun)
[21:14:17]ATTACK: Unknown (blackcrystall) shot Madelyn Braun (dominator77705) with a the squash-head pistol bullet (<A HREF='?_src_=holder;adminplayerobservecoodjump=1;X=125;Y=146;Z=2'>JMP</a>) (<a href='?priv_msg=[0x3000074]'>PM</a>)
[21:14:29]ATTACK: Unknown (blackcrystall) primed a frag grenade (<A HREF='?_src_=holder;adminplayerobservecoodjump=1;X=123;Y=147;Z=2'>JMP</a>)
[21:14:30]ATTACK: Madelyn Braun (dominator77705) primed a frag grenade (<A HREF='?_src_=holder;adminplayerobservecoodjump=1;X=124;Y=141;Z=2'>JMP</a>)
[21:14:31]ATTACK: Madelyn Braun (dominator77705) was hit by a the frag grenade, thrown by Unknown (blackcrystall) (<A HREF='?_src_=holder;adminplayerobservecoodjump=1;X=124;Y=142;Z=2'>JMP</a>)
[21:14:33]GAME: Explosion with size (-1, -1, 2) in area Central Barrens 
[21:14:34]GAME: Explosion with size (-1, -1, 2) in area Central Barrens 
[21:14:39]ATTACK: Unknown (blackcrystall) primed an incendiary grenade (<A HREF='?_src_=holder;adminplayerobservecoodjump=1;X=127;Y=141;Z=2'>JMP</a>)
[21:14:41]ATTACK: Madelyn Braun (dominator77705) primed an incendiary grenade (<A HREF='?_src_=holder;adminplayerobservecoodjump=1;X=129;Y=144;Z=2'>JMP</a>)
[21:14:41]ATTACK: Madelyn Braun (dominator77705) was hit by a the incendiary grenade, thrown by Unknown (blackcrystall) (<A HREF='?_src_=holder;adminplayerobservecoodjump=1;X=129;Y=145;Z=2'>JMP</a>)
[21:14:58]ATTACK: Madelyn Braun (dominator77705) shot Unknown (blackcrystall) with a the pistol bullet (<A HREF='?_src_=holder;adminplayerobservecoodjump=1;X=125;Y=144;Z=2'>JMP</a>) (<a href='?priv_msg=[0x300004f]'>PM</a>)
[21:14:59]ATTACK: Madelyn Braun (dominator77705) shot Unknown (blackcrystall) with a the pistol bullet (<A HREF='?_src_=holder;adminplayerobservecoodjump=1;X=125;Y=143;Z=2'>JMP</a>) (<a href='?priv_msg=[0x300004f]'>PM</a>)
[21:14:59]EMOTE: Unknown/BlackCrystall : <B>Unknown</B> screams!
[21:15:00]ATTACK: Madelyn Braun (dominator77705) shot Unknown (blackcrystall) with a the pistol bullet (<A HREF='?_src_=holder;adminplayerobservecoodjump=1;X=125;Y=143;Z=2'>JMP</a>) (<a href='?priv_msg=[0x300004f]'>PM</a>)
[21:15:16]ATTACK: Madelyn Braun (dominator77705) shot Unknown (blackcrystall) with a the pistol bullet (<A HREF='?_src_=holder;adminplayerobservecoodjump=1;X=131;Y=139;Z=2'>JMP</a>) (<a href='?priv_msg=[0x300004f]'>PM</a>)
[21:15:22]ADMIN: BlackCrystall/(Goodwin Swabey) healed / Rrvived BlackCrystall/(Goodwin Swabey)
[21:15:28]ATTACK: Madelyn Braun (dominator77705) primed an incendiary grenade (<A HREF='?_src_=holder;adminplayerobservecoodjump=1;X=130;Y=142;Z=2'>JMP</a>)
[21:15:36]ATTACK: Unknown (blackcrystall) shot Madelyn Braun (dominator77705) with a the squash-head pistol bullet (<A HREF='?_src_=holder;adminplayerobservecoodjump=1;X=130;Y=139;Z=2'>JMP</a>) (<a href='?priv_msg=[0x3000074]'>PM</a>)
[21:15:37]EMOTE: Madelyn Braun/Dominator77705 : <B>Madelyn Braun</B> gasps!
[21:15:39]EMOTE: Madelyn Braun/Dominator77705 : <B>Madelyn Braun</B> gasps!
[21:15:45]ADMIN: BlackCrystall/(Goodwin Swabey) healed / Rrvived Dominator77705/(Madelyn Braun)
[21:15:46]ACCESS: Login: Bobcat49/(Bobcat49) from 73.210.12.99-1126331985 || BYOND v512
[21:15:54]ATTACK: Madelyn Braun (dominator77705) shot Unknown (blackcrystall) with a the pistol bullet (<A HREF='?_src_=holder;adminplayerobservecoodjump=1;X=130;Y=143;Z=2'>JMP</a>) (<a href='?priv_msg=[0x300004f]'>PM</a>)
[21:16:04]ATTACK: Unknown (blackcrystall) shot Madelyn Braun (dominator77705) with a the squash-head pistol bullet (<A HREF='?_src_=holder;adminplayerobservecoodjump=1;X=133;Y=137;Z=2'>JMP</a>) (<a href='?priv_msg=[0x3000074]'>PM</a>)
[21:16:04]EMOTE: Madelyn Braun/Dominator77705 : <B>Madelyn Braun</B> screams!
[21:16:04]EMOTE: Madelyn Braun/Dominator77705 : <B>Madelyn Braun</B> 's body becomes limp.
[21:16:10]ADMIN: BlackCrystall/(Goodwin Swabey) healed / Rrvived BlackCrystall/(Goodwin Swabey)
[21:16:10]ADMIN: BlackCrystall/(Goodwin Swabey) healed / Rrvived BlackCrystall/(Goodwin Swabey)
[21:16:11]ADMIN: BlackCrystall/(Goodwin Swabey) healed / Rrvived BlackCrystall/(Goodwin Swabey)
[21:16:11]ADMIN: BlackCrystall/(Goodwin Swabey) healed / Rrvived BlackCrystall/(Goodwin Swabey)
[21:16:11]ADMIN: BlackCrystall/(Goodwin Swabey) healed / Rrvived BlackCrystall/(Goodwin Swabey)
[21:16:15]ADMIN: BlackCrystall/(Goodwin Swabey) healed / Rrvived Dominator77705/(Madelyn Braun)
[21:16:15]ADMIN: BlackCrystall/(Goodwin Swabey) healed / Rrvived Dominator77705/(Madelyn Braun)
[21:17:07]ADMIN: BlackCrystall/(Goodwin Swabey) jumped to 137,101,2 in the Hydroponics
[21:17:27]ATTACK: Unknown (blackcrystall) shot Madelyn Braun (dominator77705) with a the squash-head pistol bullet (<A HREF='?_src_=holder;adminplayerobservecoodjump=1;X=133;Y=97;Z=2'>JMP</a>) (<a href='?priv_msg=[0x3000074]'>PM</a>)
[21:17:29]EMOTE: Madelyn Braun/Dominator77705 : <B>Madelyn Braun</B> is having trouble keeping their eyes open.
[21:17:34]ADMIN: BlackCrystall/(Goodwin Swabey) healed / Rrvived Dominator77705/(Madelyn Braun)
[21:18:28]ATTACK: Unknown (blackcrystall) primed a frag grenade (<A HREF='?_src_=holder;adminplayerobservecoodjump=1;X=157;Y=52;Z=2'>JMP</a>)
[21:18:29]ATTACK: Unknown (blackcrystall) was hit by a the double war scythe, thrown by Madelyn Braun (dominator77705) (<A HREF='?_src_=holder;adminplayerobservecoodjump=1;X=159;Y=52;Z=2'>JMP</a>)
[21:18:32]ACCESS: Logout: *no key*/(Bobcat49)
[21:18:32]ACCESS: Login: Bobcat49/(Rose White) from 73.210.12.99-1126331985 || BYOND v512
[21:18:32]GAME: Explosion with size (-1, -1, 2) in area Main Hallway 
[21:18:35]ATTACK: Madelyn Braun (dominator77705) was hit by a the double war scythe, thrown by Unknown (blackcrystall) (<A HREF='?_src_=holder;adminplayerobservecoodjump=1;X=158;Y=61;Z=2'>JMP</a>)
[21:18:48]ATTACK: Unknown (blackcrystall) shot Madelyn Braun (dominator77705) with a the marksman rifle bullet (<A HREF='?_src_=holder;adminplayerobservecoodjump=1;X=156;Y=60;Z=2'>JMP</a>) (<a href='?priv_msg=[0x3000074]'>PM</a>)
[21:18:51]ATTACK: Unknown (blackcrystall) shot Madelyn Braun (dominator77705) with a the marksman rifle bullet (<A HREF='?_src_=holder;adminplayerobservecoodjump=1;X=155;Y=61;Z=2'>JMP</a>) (<a href='?priv_msg=[0x3000074]'>PM</a>)
[21:18:58]ADMIN: BlackCrystall/(Goodwin Swabey) healed / Rrvived Dominator77705/(Madelyn Braun)
[21:18:58]ADMIN: BlackCrystall/(Goodwin Swabey) healed / Rrvived Dominator77705/(Madelyn Braun)
[21:19:08]SAY: mouse (953)/ : Squeek?
[21:19:22]ACCESS: Logout: Bobcat49/(Rose White)
[21:19:23]ATTACK: Madelyn Braun (dominator77705) was hit by a the M2132 machete, thrown by Unknown (blackcrystall) (<A HREF='?_src_=holder;adminplayerobservecoodjump=1;X=167;Y=93;Z=2'>JMP</a>)
[21:19:31]ATTACK: Madelyn Braun (dominator77705) was hit by a the M2132 machete, thrown by Unknown (blackcrystall) (<A HREF='?_src_=holder;adminplayerobservecoodjump=1;X=173;Y=92;Z=2'>JMP</a>)
[21:20:31]ATTACK: Dominator77705/(Madelyn Braun) attacked BlackCrystall/(Goodwin Swabey) with M2132 machete (INTENT: HURT) (DAMTYE: BRUTE)
[21:20:32]ATTACK: Dominator77705/(Madelyn Braun) attacked BlackCrystall/(Goodwin Swabey) with M2132 machete (INTENT: HURT) (DAMTYE: BRUTE)
[21:20:33]ATTACK: Dominator77705/(Madelyn Braun) attacked BlackCrystall/(Goodwin Swabey) with M2132 machete (INTENT: HURT) (DAMTYE: BRUTE)
[21:20:34]EMOTE: Unknown/BlackCrystall : <B>Unknown</B> gasps!
[21:20:34]ATTACK: Dominator77705/(Madelyn Braun) attacked BlackCrystall/(Goodwin Swabey) with M2132 machete (INTENT: HURT) (DAMTYE: BRUTE)
[21:20:35]ATTACK: Dominator77705/(Madelyn Braun) punched BlackCrystall/(Goodwin Swabey)
[21:20:37]ATTACK: Dominator77705/(Madelyn Braun) punched BlackCrystall/(Goodwin Swabey)
[21:20:38]ADMIN: BlackCrystall/(Goodwin Swabey) healed / Rrvived BlackCrystall/(Goodwin Swabey)
[21:21:28]ADMIN: BlackCrystall/(Goodwin Swabey) healed / Rrvived BlackCrystall/(Goodwin Swabey)
[21:22:25]ADMIN: BlackCrystall/(Goodwin Swabey) jumped to 105,48,2 in the Weyland Yutani Compound
[21:24:45]ATTACK: Unknown (blackcrystall) shot Madelyn Braun (dominator77705) with a the rifle bullet (<A HREF='?_src_=holder;adminplayerobservecoodjump=1;X=157;Y=58;Z=2'>JMP</a>) (<a href='?priv_msg=[0x3000074]'>PM</a>)
[21:24:49]ATTACK: Unknown (blackcrystall) was hit by a the M2132 machete, thrown by Madelyn Braun (dominator77705) (<A HREF='?_src_=holder;adminplayerobservecoodjump=1;X=159;Y=62;Z=2'>JMP</a>)
[21:25:04]ATTACK: Unknown (blackcrystall) shot Madelyn Braun (dominator77705) with a the rifle bullet (<A HREF='?_src_=holder;adminplayerobservecoodjump=1;X=160;Y=59;Z=2'>JMP</a>) (<a href='?priv_msg=[0x3000074]'>PM</a>)
[21:25:17]EMOTE: Unknown/BlackCrystall : <B>Unknown</B> screams!
[21:25:22]ADMIN: BlackCrystall/(Goodwin Swabey) healed / Rrvived Dominator77705/(Madelyn Braun)
[21:25:27]ADMIN: BlackCrystall/(Goodwin Swabey) healed / Rrvived BlackCrystall/(Goodwin Swabey)
[21:25:29]ATTACK: Madelyn Braun (dominator77705) shot Unknown (blackcrystall) with a the submachinegun bullet (<A HREF='?_src_=holder;adminplayerobservecoodjump=1;X=159;Y=66;Z=2'>JMP</a>) (<a href='?priv_msg=[0x300004f]'>PM</a>)
[21:25:30]ATTACK: Madelyn Braun (dominator77705) shot Unknown (blackcrystall) with a the submachinegun bullet (<A HREF='?_src_=holder;adminplayerobservecoodjump=1;X=159;Y=65;Z=2'>JMP</a>) (<a href='?priv_msg=[0x300004f]'>PM</a>)
[21:25:36]ATTACK: Madelyn Braun (dominator77705) shot Unknown (blackcrystall) with a the submachinegun bullet (<A HREF='?_src_=holder;adminplayerobservecoodjump=1;X=157;Y=66;Z=2'>JMP</a>) (<a href='?priv_msg=[0x300004f]'>PM</a>)
[21:25:36]EMOTE: Unknown/BlackCrystall : <B>Unknown</B> screams!
[21:25:36]ATTACK: Madelyn Braun (dominator77705) shot Unknown (blackcrystall) with a the submachinegun bullet (<A HREF='?_src_=holder;adminplayerobservecoodjump=1;X=157;Y=66;Z=2'>JMP</a>) (<a href='?priv_msg=[0x300004f]'>PM</a>)
[21:25:48]ADMIN: BlackCrystall/(Goodwin Swabey) healed / Rrvived BlackCrystall/(Goodwin Swabey)
[21:25:50]ATTACK: Unknown (blackcrystall) shot Madelyn Braun (dominator77705) with a the rifle bullet (<A HREF='?_src_=holder;adminplayerobservecoodjump=1;X=140;Y=65;Z=2'>JMP</a>) (<a href='?priv_msg=[0x3000074]'>PM</a>)
[21:25:53]ATTACK: Unknown (blackcrystall) shot Madelyn Braun (dominator77705) with a the rifle bullet (<A HREF='?_src_=holder;adminplayerobservecoodjump=1;X=137;Y=64;Z=2'>JMP</a>) (<a href='?priv_msg=[0x3000074]'>PM</a>)
[21:25:54]ATTACK: Unknown (blackcrystall) shot Madelyn Braun (dominator77705) with a the rifle bullet (<A HREF='?_src_=holder;adminplayerobservecoodjump=1;X=137;Y=65;Z=2'>JMP</a>) (<a href='?priv_msg=[0x3000074]'>PM</a>)
[21:25:55]ATTACK: Unknown (blackcrystall) shot Madelyn Braun (dominator77705) with a the rifle bullet (<A HREF='?_src_=holder;adminplayerobservecoodjump=1;X=137;Y=65;Z=2'>JMP</a>) (<a href='?priv_msg=[0x3000074]'>PM</a>)
[21:25:58]EMOTE: Madelyn Braun/Dominator77705 : <B>Madelyn Braun</B> gasps!
[21:26:04]ADMIN: BlackCrystall/(Goodwin Swabey) healed / Rrvived Dominator77705/(Madelyn Braun)
[21:26:11]ATTACK: Madelyn Braun (dominator77705) shot Unknown (blackcrystall) with a the submachinegun bullet (<A HREF='?_src_=holder;adminplayerobservecoodjump=1;X=137;Y=65;Z=2'>JMP</a>) (<a href='?priv_msg=[0x300004f]'>PM</a>)
[21:26:11]ATTACK: Madelyn Braun (dominator77705) shot Unknown (blackcrystall) with a the submachinegun bullet (<A HREF='?_src_=holder;adminplayerobservecoodjump=1;X=137;Y=65;Z=2'>JMP</a>) (<a href='?priv_msg=[0x300004f]'>PM</a>)
[21:26:29]ADMIN: BlackCrystall/(Goodwin Swabey) healed / Rrvived BlackCrystall/(Goodwin Swabey)
[21:26:29]ADMIN: BlackCrystall/(Goodwin Swabey) healed / Rrvived BlackCrystall/(Goodwin Swabey)
[21:26:58]ADMIN: BlackCrystall/(Goodwin Swabey) jumped to 145,69,2 in the Dormitory Toilet
[21:27:09]ADMIN: BlackCrystall/(Goodwin Swabey) jumped to 145,72,2 in the Dormitory Toilet
[21:27:55]ATTACK: Unknown (blackcrystall) was hit by a the M2132 machete, thrown by Madelyn Braun (dominator77705) (<A HREF='?_src_=holder;adminplayerobservecoodjump=1;X=146;Y=73;Z=2'>JMP</a>)
[21:28:10]ATTACK: Madelyn Braun (dominator77705) was hit by a the M2132 machete, thrown by Unknown (blackcrystall) (<A HREF='?_src_=holder;adminplayerobservecoodjump=1;X=149;Y=73;Z=2'>JMP</a>)
[21:28:10]ATTACK: Madelyn Braun (dominator77705) shot Unknown (blackcrystall) with a the shotgun slug (<A HREF='?_src_=holder;adminplayerobservecoodjump=1;X=149;Y=73;Z=2'>JMP</a>) (<a href='?priv_msg=[0x300004f]'>PM</a>)
[21:28:26]ADMIN: BlackCrystall/(Goodwin Swabey) healed / Rrvived BlackCrystall/(Goodwin Swabey)
[21:28:38]ATTACK: Unknown (blackcrystall) primed a frag grenade (<A HREF='?_src_=holder;adminplayerobservecoodjump=1;X=145;Y=75;Z=2'>JMP</a>)
[21:28:42]GAME: Explosion with size (-1, -1, 2) in area Chapel 
[21:28:44]ATTACK: Unknown (blackcrystall) primed a flashbang (<A HREF='?_src_=holder;adminplayerobservecoodjump=1;X=147;Y=73;Z=2'>JMP</a>)
[21:28:55]ADMIN: BlackCrystall/(Goodwin Swabey) jumped to 146,77,2 in the Male Dorm
[21:29:06]ADMIN: BlackCrystall/(Goodwin Swabey) jumped to 140,80,2 in the Weyland Yutani Compound
[21:29:24]EMOTE: Unknown/BlackCrystall : <B>Unknown</B> screams!
[21:29:30]ADMIN: BlackCrystall/(Goodwin Swabey) healed / Rrvived BlackCrystall/(Goodwin Swabey)
[21:31:04]SAY: Mister Wiggles/ : Bark!
[21:31:25]ATTACK: Unknown (blackcrystall) shot Madelyn Braun (dominator77705) with a the rifle bullet (<A HREF='?_src_=holder;adminplayerobservecoodjump=1;X=183;Y=64;Z=2'>JMP</a>) (<a href='?priv_msg=[0x3000074]'>PM</a>)
[21:31:51]ATTACK: Madelyn Braun (dominator77705) shot Unknown (blackcrystall) with a the shotgun slug (<A HREF='?_src_=holder;adminplayerobservecoodjump=1;X=190;Y=63;Z=2'>JMP</a>) (<a href='?priv_msg=[0x300004f]'>PM</a>)
[21:31:51]EMOTE: Unknown/BlackCrystall : <B>Unknown</B> screams!
[21:31:54]ATTACK: Madelyn Braun (dominator77705) shot Unknown (blackcrystall) with a the shotgun slug (<A HREF='?_src_=holder;adminplayerobservecoodjump=1;X=190;Y=63;Z=2'>JMP</a>) (<a href='?priv_msg=[0x300004f]'>PM</a>)
[21:31:54]EMOTE: Unknown/BlackCrystall : <B>Unknown</B> screams!
[21:32:11]ADMIN: BlackCrystall/(Goodwin Swabey) healed / Rrvived BlackCrystall/(Goodwin Swabey)
[21:32:11]ADMIN: BlackCrystall/(Goodwin Swabey) healed / Rrvived BlackCrystall/(Goodwin Swabey)
[21:32:51]ATTACK: Madelyn Braun (dominator77705) primed a flashbang (<A HREF='?_src_=holder;adminplayerobservecoodjump=1;X=190;Y=58;Z=2'>JMP</a>)
[21:33:03]ATTACK: BlackCrystall/(Goodwin Swabey) attacked Dominator77705/(Madelyn Braun) with M2132 machete (INTENT: DISARM) (DAMTYE: BRUTE)
[21:33:11]ATTACK: BlackCrystall/(Goodwin Swabey) attacked Dominator77705/(Madelyn Braun) with M2132 machete (INTENT: DISARM) (DAMTYE: BRUTE)
[21:33:18]ADMIN: BlackCrystall/(Goodwin Swabey) healed / Rrvived Dominator77705/(Madelyn Braun)
[21:33:18]ATTACK: Dominator77705/(Madelyn Braun) disarmed Unknown (blackcrystall)
[21:33:19]ATTACK: Dominator77705/(Madelyn Braun) disarmed Unknown (blackcrystall)
[21:33:26]ATTACK: Madelyn Braun (dominator77705) was hit by a the HG 37-12 pump shotgun, thrown by Unknown (blackcrystall) (<A HREF='?_src_=holder;adminplayerobservecoodjump=1;X=166;Y=64;Z=2'>JMP</a>)
[21:33:33]ATTACK: BlackCrystall/(Goodwin Swabey) disarmed Unknown (blackcrystall)
[21:34:01]ATTACK: Dominator77705/(Madelyn Braun) attacked BlackCrystall/(Goodwin Swabey) with M2132 machete (INTENT: DISARM) (DAMTYE: BRUTE)
[21:34:07]ATTACK: Dominator77705/(Madelyn Braun) attacked BlackCrystall/(Goodwin Swabey) with M2132 machete (INTENT: DISARM) (DAMTYE: BRUTE)
[21:34:16]ATTACK: BlackCrystall/(Goodwin Swabey) attacked Dominator77705/(Madelyn Braun) with M2132 machete (INTENT: DISARM) (DAMTYE: BRUTE)
[21:34:29]ATTACK: BlackCrystall/(Goodwin Swabey) attacked Dominator77705/(Madelyn Braun) with M2132 machete (INTENT: DISARM) (DAMTYE: BRUTE)
[21:34:30]ATTACK: BlackCrystall/(Goodwin Swabey) attacked Dominator77705/(Madelyn Braun) with M2132 machete (INTENT: DISARM) (DAMTYE: BRUTE)
[21:34:30]ATTACK: Dominator77705/(Madelyn Braun) attacked BlackCrystall/(Goodwin Swabey) with butterfly knife (INTENT: HELP) (DAMTYE: BRUTE)
[21:34:32]EMOTE: Madelyn Braun/Dominator77705 : <B>Madelyn Braun</B> is having trouble keeping their eyes open.
[21:34:32]ATTACK: Dominator77705/(Madelyn Braun) attacked BlackCrystall/(Goodwin Swabey) with butterfly knife (INTENT: HELP) (DAMTYE: BRUTE)
[21:34:39]ATTACK: Madelyn Braun (dominator77705) was hit by a the M2132 machete, thrown by Unknown (blackcrystall) (<A HREF='?_src_=holder;adminplayerobservecoodjump=1;X=161;Y=48;Z=2'>JMP</a>)
[21:34:49]ATTACK: Dominator77705/(Madelyn Braun) attacked BlackCrystall/(Goodwin Swabey) with harpoon (INTENT: HELP) (DAMTYE: BRUTE)
[21:34:51]ATTACK: Unknown (blackcrystall) primed a flashbang (<A HREF='?_src_=holder;adminplayerobservecoodjump=1;X=160;Y=52;Z=2'>JMP</a>)
[21:34:52]ATTACK: Madelyn Braun (dominator77705) was hit by a the flashbang, thrown by Unknown (blackcrystall) (<A HREF='?_src_=holder;adminplayerobservecoodjump=1;X=159;Y=49;Z=2'>JMP</a>)
[21:35:01]ATTACK: BlackCrystall/(Goodwin Swabey) disarmed Madelyn Braun (dominator77705)
[21:35:02]ATTACK: BlackCrystall/(Goodwin Swabey) disarmed Madelyn Braun (dominator77705)
[21:35:03]ATTACK: BlackCrystall/(Goodwin Swabey) disarmed Madelyn Braun (dominator77705)
[21:35:04]ATTACK: BlackCrystall/(Goodwin Swabey) disarmed Madelyn Braun (dominator77705)
[21:35:05]ATTACK: BlackCrystall/(Goodwin Swabey) disarmed Madelyn Braun (dominator77705)
[21:35:06]ATTACK: BlackCrystall/(Goodwin Swabey) disarmed Madelyn Braun (dominator77705)
[21:35:07]ATTACK: BlackCrystall/(Goodwin Swabey) disarmed Madelyn Braun (dominator77705)
[21:35:09]ATTACK: BlackCrystall/(Goodwin Swabey) disarmed Madelyn Braun (dominator77705)
[21:35:10]ATTACK: BlackCrystall/(Goodwin Swabey) disarmed Madelyn Braun (dominator77705)
[21:35:16]ATTACK: Dominator77705/(Madelyn Braun) attacked BlackCrystall/(Goodwin Swabey) with chainwhip (INTENT: DISARM) (DAMTYE: BRUTE)
[21:35:22]ATTACK: Dominator77705/(Madelyn Braun) disarmed Unknown (blackcrystall)
[21:35:28]ATTACK: Madelyn Braun (dominator77705) was hit by a the banana peel, thrown by Unknown (blackcrystall) (<A HREF='?_src_=holder;adminplayerobservecoodjump=1;X=164;Y=48;Z=2'>JMP</a>)
[21:35:32]EMOTE: Madelyn Braun/Dominator77705 : <B>Madelyn Braun</B> 's body becomes limp.
[21:35:45]GAME: Antagonists at round end were...
[21:35:46]EMOTE: Madelyn Braun/Dominator77705 : <B>Madelyn Braun</B> gasps!
[21:35:48]EMOTE: Madelyn Braun/Dominator77705 : <B>Madelyn Braun</B> gasps!
[21:35:54]EMOTE: Madelyn Braun/Dominator77705 : <B>Madelyn Braun</B> gasps!
[21:36:04]ADMIN: BlackCrystall/(Goodwin Swabey) spawned /obj/item/weapon/grenade/explosive/PMC at (162,48,2)
[21:36:06]ATTACK: Unknown (blackcrystall) primed a frag grenade (<A HREF='?_src_=holder;adminplayerobservecoodjump=1;X=162;Y=48;Z=2'>JMP</a>)
[21:36:10]GAME: Explosion with size (-1, -1, 3) in area Kitchen 
[21:36:16]EMOTE: Madelyn Braun/Dominator77705 : <B>Madelyn Braun</B> gasps!
[21:36:16]ADMIN: BlackCrystall/(Goodwin Swabey) spawned /obj/item/weapon/grenade/explosive/PMC at (160,50,2)
[21:36:29]ATTACK: Unknown (blackcrystall) primed a frag grenade (<A HREF='?_src_=holder;adminplayerobservecoodjump=1;X=163;Y=48;Z=2'>JMP</a>)
[21:36:30]ATTACK: BlackCrystall/(Goodwin Swabey) disarmed Madelyn Braun (dominator77705)
[21:36:33]GAME: Explosion with size (-1, -1, 3) in area Kitchen 
[21:36:50]ACCESS: Logout: BlackCrystall/(Goodwin Swabey)
[21:36:50]ACCESS: Logout: Dominator77705/(Madelyn Braun)


Starting up. 21:37.07
---------------------
[21:37:07]MISC: Adding game mode traitor (traitor) to configuration.
[21:37:07]MISC: Adding game mode Colonial Marines (Colonial Marines) to configuration.
[21:37:07]MISC: Adding game mode Hunter Games (Hunter Games) to configuration.
[21:37:07]MISC: Adding game mode Ice Colony (Ice Colony) to configuration.
[21:37:07]MISC: Adding game mode Whiskey Outpost (Whiskey Outpost) to configuration.
[21:37:07]MISC: Adding game mode extended (extended) to configuration.
[21:37:08]MISC: Unknown setting in configuration: 'assistant_limit'
[21:37:08]MISC: Unknown setting in configuration: 'assistant_ratio'
[21:37:08]MISC: Unknown setting in configuration: 'station_levels'
[21:37:08]MISC: Unknown setting in configuration: 'admin_levels'
[21:37:08]MISC: Unknown setting in configuration: 'contact_levels'
[21:37:08]MISC: Unknown setting in configuration: 'player_levels'
[21:37:08]MISC: Unknown setting in configuration: 'expected_round_length'
[21:37:08]MISC: Unknown setting in configuration: 'event_delay_lower'
[21:37:08]MISC: Unknown setting in configuration: 'event_delay_upper'
[21:37:08]MISC: Unknown setting in configuration: 'event_custom_start_major'
[21:37:08]MISC: Unknown setting in configuration: 'starlight'
[21:37:08]MISC: Unknown setting in configuration: 'player_reroute_cap'
[21:37:08]MISC: Unknown setting in configuration: 'disable_space_ruins'
[21:37:08]MISC: Unknown setting in configuration: 'feedback_tableprefix'
[21:37:08]MISC: Saved mode is 'Hunter Games'
[21:37:09]ADMIN: Loading jobban_rank
[21:37:09]ADMIN: jobban_keylist was empty
[21:37:09]ADMIN: Loading Banlist
[21:37:09]DEBUG: Rebuilding Master Controller
[00:31:16]ACCESS: Login: Nekcy/(Nekcy) from 189.41.97.253-3646649184 || BYOND v512
[00:31:52]VOTE: Gamemode vote started by the server.
[00:31:52]DEBUG: The server has called a gamemode vote
[00:32:52]DEBUG: The server has called a gamemode vote
[00:32:52]VOTE: <b>Vote Result: Colonial Marines</b>
[00:33:29]ACCESS: Logout: Nekcy/(Nekcy)
